[2026-04-06 16:14:46,579] [INFO] Starting fixed benchmark with 50 seeds
/root/miniconda3/envs/bcp_env/lib/python3.10/site-packages/stable_baselines3/common/save_util.py:167: UserWarning: Could not deserialize object lr_schedule. Consider using `custom_objects` argument to replace this object.
Exception: code expected at most 16 arguments, got 18
  warnings.warn(
[2026-04-06 16:15:11,010] [INFO] ✓ Episode completed: success=True, steps=174, reward=57.52, teacher_path_len=58
[2026-04-06 16:15:13,345] [INFO] ✓ Episode completed: success=True, steps=88, reward=63.08, teacher_path_len=58
[2026-04-06 16:15:33,827] [INFO] ✓ Episode completed: success=True, steps=182, reward=59.23, teacher_path_len=62
[2026-04-06 16:15:35,517] [INFO] ✓ Episode completed: success=True, steps=92, reward=66.08, teacher_path_len=62
[2026-04-06 16:15:40,591] [INFO] ✓ Episode completed: success=True, steps=104, reward=44.08, teacher_path_len=29
[2026-04-06 16:15:41,613] [INFO] ✓ Episode completed: success=True, steps=53, reward=45.80, teacher_path_len=29
🚀 4D 时空搜索启动 | 起飞时间: T=0.0s
   📍 起点: X=4826.2m, Y=-7598.2m, Z=1942.3m
   🎯 终点: X=8140.0m, Y=-6610.6m, Z=2120.2m
4D 寻路成功！耗时步数: 141, 路线总期望代价: 370493.24 J, 预计抵达时间: 394.8 s
🚀 4D 时空搜索启动 | 起飞时间: T=0.0s
   📍 起点: X=4826.2m, Y=-7598.2m, Z=1942.3m
   🎯 终点: X=8140.0m, Y=-6610.6m, Z=2120.2m
❌ 4D 搜索失败：步数耗尽，未找到安全通行路径。
🚀 4D 时空搜索启动 | 起飞时间: T=0.0s
   📍 起点: X=4826.2m, Y=-7598.2m, Z=1942.3m
   🎯 终点: X=8140.0m, Y=-6610.6m, Z=2120.2m
4D 寻路成功！耗时步数: 134, 路线总期望代价: 370664.05 J, 预计抵达时间: 394.8 s
🚀 4D 时空搜索启动 | 起飞时间: T=0.0s
   📍 起点: X=4826.2m, Y=-7598.2m, Z=1942.3m
   🎯 终点: X=8140.0m, Y=-6610.6m, Z=2120.2m
4D 寻路成功！耗时步数: 134, 路线总期望代价: 370664.05 J, 预计抵达时间: 394.8 s
🚀 4D 时空搜索启动 | 起飞时间: T=150.0s
   📍 起点: X=6681.8m, Y=-6964.6m, Z=1955.0m
   🎯 终点: X=8140.0m, Y=-6610.6m, Z=2120.2m
4D 寻路成功！耗时步数: 105, 路线总期望代价: 188968.60 J, 预计抵达时间: 335.2 s
🚀 4D 时空搜索启动 | 起飞时间: T=0.0s
   📍 起点: X=4826.2m, Y=-7598.2m, Z=1942.3m
   🎯 终点: X=8140.0m, Y=-6610.6m, Z=2120.2m
4D 寻路成功！耗时步数: 134, 路线总期望代价: 370664.05 J, 预计抵达时间: 394.8 s
🚀 4D 时空搜索启动 | 起飞时间: T=0.0s
   📍 起点: X=4826.2m, Y=-7598.2m, Z=1942.3m
   🎯 终点: X=8140.0m, Y=-6610.6m, Z=2120.2m
4D 寻路成功！耗时步数: 134, 路线总期望代价: 370664.05 J, 预计抵达时间: 394.8 s
🚀 4D 时空搜索启动 | 起飞时间: T=0.0s
   📍 起点: X=3873.7m, Y=582.8m, Z=1482.5m
   🎯 终点: X=4748.7m, Y=-2970.5m, Z=2012.8m
4D 寻路成功！耗时步数: 62, 路线总期望代价: 404516.65 J, 预计抵达时间: 410.8 s
🚀 4D 时空搜索启动 | 起飞时间: T=0.0s
   📍 起点: X=3873.7m, Y=582.8m, Z=1482.5m
   🎯 终点: X=4748.7m, Y=-2970.5m, Z=2012.8m
❌ 4D 搜索失败：步数耗尽，未找到安全通行路径。
🚀 4D 时空搜索启动 | 起飞时间: T=0.0s
   📍 起点: X=3873.7m, Y=582.8m, Z=1482.5m
   🎯 终点: X=4748.7m, Y=-2970.5m, Z=2012.8m
4D 寻路成功！耗时步数: 62, 路线总期望代价: 403632.67 J, 预计抵达时间: 410.8 s
🚀 4D 时空搜索启动 | 起飞时间: T=0.0s
   📍 起点: X=3873.7m, Y=582.8m, Z=1482.5m
   🎯 终点: X=4748.7m, Y=-2970.5m, Z=2012.8m
4D 寻路成功！耗时步数: 62, 路线总期望代价: 403632.67 J, 预计抵达时间: 410.8 s
🚀 4D 时空搜索启动 | 起飞时间: T=150.0s
   📍 起点: X=4276.9m, Y=-1334.1m, Z=1763.4m
   🎯 终点: X=4748.7m, Y=-2970.5m, Z=2012.8m
4D 寻路成功！耗时步数: 29, 路线总期望代价: 189694.25 J, 预计抵达时间: 342.7 s
🚀 4D 时空搜索启动 | 起飞时间: T=0.0s
   📍 起点: X=3873.7m, Y=582.8m, Z=1482.5m
   🎯 终点: X=4748.7m, Y=-2970.5m, Z=2012.8m
4D 寻路成功！耗时步数: 62, 路线总期望代价: 403632.67 J, 预计抵达时间: 410.8 s
🚀 4D 时空搜索启动 | 起飞时间: T=0.0s
   📍 起点: X=3873.7m, Y=582.8m, Z=1482.5m
   🎯 终点: X=4748.7m, Y=-2970.5m, Z=2012.8m
4D 寻路成功！耗时步数: 62, 路线总期望代价: 403632.67 J, 预计抵达时间: 410.8 s
🚀 4D 时空搜索启动 | 起飞时间: T=0.0s
   📍 起点: X=-6797.4m, Y=-3438.5m, Z=2125.1m
   🎯 终点: X=-8140.0m, Y=-5083.8m, Z=838.0m
4D 寻路成功！耗时步数: 29, 路线总期望代价: 205784.07 J, 预计抵达时间: 254.7 s
🚀 4D 时空搜索启动 | 起飞时间: T=0.0s
   📍 起点: X=-6797.4m, Y=-3438.5m, Z=2125.1m
   🎯 终点: X=-8140.0m, Y=-5083.8m, Z=838.0m
4D 寻路成功！耗时步数: 5223, 路线总期望代价: 2523.69 J, 预计抵达时间: 252.4 s
🚀 4D 时空搜索启动 | 起飞时间: T=0.0s
   📍 起点: X=-6797.4m, Y=-3438.5m, Z=2125.1m
   🎯 终点: X=-8140.0m, Y=-5083.8m, Z=838.0m
4D 寻路成功！耗时步数: 29, 路线总期望代价: 205883.37 J, 预计抵达时间: 254.7 s
🚀 4D 时空搜索启动 | 起飞时间: T=0.0s
   📍 起点: X=-6797.4m, Y=-3438.5m, Z=2125.1m
   🎯 终点: X=-8140.0m, Y=-5083.8m, Z=838.0m
4D 寻路成功！耗时步数: 29, 路线总期望代价: 205883.37 J, 预计抵达时间: 254.7 s
🚀 4D 时空搜索启动 | 起飞时间: T=150.0s
   📍 起点: X=-8064.6m, Y=-4816.9m, Z=954.7m
   🎯 终点: X=-8140.0m, Y=-5083.8m, Z=838.0m
4D 寻路成功！耗时步数: 5, 路线总期望代价: 23324.10 J, 预计抵达时间: 178.7 s
🚀 4D 时空搜索启动 | 起飞时间: T=0.0s
   📍 起点: X=-6797.4m, Y=-3438.5m, Z=2125.1m
   🎯 终点: X=-8140.0m, Y=-5083.8m, Z=838.0m
4D 寻路成功！耗时步数: 29, 路线总期望代价: 205883.37 J, 预计抵达时间: 254.7 s
🚀 4D 时空搜索启动 | 起飞时间: T=0.0s
   📍 起点: X=-6797.4m, Y=-3438.5m, Z=2125.1m
   🎯 终点: X=-8140.0m, Y=-5083.8m, Z=838.0m
4D 寻路成功！耗时步数: 29, 路线总期望代价: 205883.37 J, 预计抵达时间: 254.7 s
🚀 4D 时空搜索启动 | 起飞时间: T=0.0s
   📍 起点: X=-6201.7m, Y=-1021.8m, Z=1584.2m
   🎯 终点: X=-4075.4m, Y=2316.6m, Z=1612.1m

[AI 4D预测] 预计在 T=113.1s 抵达高危空域！坐标:(-5.5km, -0.3km, 海拔1534m)
微气象分析 : TKE = 40.99 m^2/s^2 (受地形/尾流/切变综合影响)
极值风险模型 : 坠机概率 P_crash = 12.31%
MDP 代价转化 : 正常能耗 6976 J, 附加致命惩罚 9848 J

[AI 4D预测] 预计在 T=112.6s 抵达高危空域！坐标:(-5.6km, -0.3km, 海拔1584m)
微气象分析 : TKE = 43.75 m^2/s^2 (受地形/尾流/切变综合影响)
极值风险模型 : 坠机概率 P_crash = 16.36%
MDP 代价转化 : 正常能耗 11565 J, 附加致命惩罚 13092 J

[AI 4D预测] 预计在 T=110.6s 抵达高危空域！坐标:(-5.6km, -0.3km, 海拔1584m)
微气象分析 : TKE = 44.79 m^2/s^2 (受地形/尾流/切变综合影响)
极值风险模型 : 坠机概率 P_crash = 18.03%
MDP 代价转化 : 正常能耗 14351 J, 附加致命惩罚 14422 J

[AI 4D预测] 预计在 T=115.0s 抵达高危空域！坐标:(-5.7km, -0.2km, 海拔1584m)
微气象分析 : TKE = 44.80 m^2/s^2 (受地形/尾流/切变综合影响)
极值风险模型 : 坠机概率 P_crash = 18.04%
MDP 代价转化 : 正常能耗 7381 J, 附加致命惩罚 14430 J

[AI 4D预测] 预计在 T=117.4s 抵达高危空域！坐标:(-5.6km, -0.3km, 海拔1584m)
微气象分析 : TKE = 43.13 m^2/s^2 (受地形/尾流/切变综合影响)
极值风险模型 : 坠机概率 P_crash = 15.40%
MDP 代价转化 : 正常能耗 15715 J, 附加致命惩罚 12323 J

[AI 4D预测] 预计在 T=113.1s 抵达高危空域！坐标:(-5.4km, -0.3km, 海拔1634m)
微气象分析 : TKE = 40.49 m^2/s^2 (受地形/尾流/切变综合影响)
极值风险模型 : 坠机概率 P_crash = 11.64%
MDP 代价转化 : 正常能耗 15294 J, 附加致命惩罚 9309 J
4D 寻路成功！耗时步数: 118, 路线总期望代价: 403310.48 J, 预计抵达时间: 428.3 s
🚀 4D 时空搜索启动 | 起飞时间: T=0.0s
   📍 起点: X=-6201.7m, Y=-1021.8m, Z=1584.2m
   🎯 终点: X=-4075.4m, Y=2316.6m, Z=1612.1m
❌ 4D 搜索失败：步数耗尽，未找到安全通行路径。
🚀 4D 时空搜索启动 | 起飞时间: T=0.0s
   📍 起点: X=-6201.7m, Y=-1021.8m, Z=1584.2m
   🎯 终点: X=-4075.4m, Y=2316.6m, Z=1612.1m
4D 寻路成功！耗时步数: 60, 路线总期望代价: 381571.99 J, 预计抵达时间: 421.7 s
🚀 4D 时空搜索启动 | 起飞时间: T=0.0s
   📍 起点: X=-6201.7m, Y=-1021.8m, Z=1584.2m
   🎯 终点: X=-4075.4m, Y=2316.6m, Z=1612.1m
4D 寻路成功！耗时步数: 60, 路线总期望代价: 381571.99 J, 预计抵达时间: 421.7 s
🚀 4D 时空搜索启动 | 起飞时间: T=150.0s
   📍 起点: X=-4610.7m, Y=569.2m, Z=971.3m
   🎯 终点: X=-4075.4m, Y=2316.6m, Z=1612.1m
4D 寻路成功！耗时步数: 1799, 路线总期望代价: 254827.94 J, 预计抵达时间: 374.5 s
[2026-04-06 16:16:11,700] [INFO] ✓ Episode completed: success=True, steps=202, reward=61.31, teacher_path_len=58
[2026-04-06 16:16:13,607] [INFO] ✓ Episode completed: success=False, steps=75, reward=14.38, teacher_path_len=58
[2026-04-06 16:16:37,128] [INFO] ✓ Episode completed: success=True, steps=188, reward=55.63, teacher_path_len=64
[2026-04-06 16:16:38,719] [INFO] ✓ Episode completed: success=False, steps=30, reward=-2.39, teacher_path_len=64
[2026-04-06 16:17:04,998] [INFO] ✓ Episode completed: success=True, steps=216, reward=66.47, teacher_path_len=64
[2026-04-06 16:17:07,346] [INFO] ✓ Episode completed: success=True, steps=108, reward=69.75, teacher_path_len=64
[2026-04-06 16:17:24,167] [INFO] ✓ Episode completed: success=True, steps=149, reward=57.00, teacher_path_len=52
[2026-04-06 16:17:26,248] [INFO] ✓ Episode completed: success=True, steps=75, reward=58.79, teacher_path_len=52
[2026-04-06 16:17:47,798] [INFO] ✓ Episode completed: success=False, steps=225, reward=21.80, teacher_path_len=58
[2026-04-06 16:17:49,701] [INFO] ✓ Episode completed: success=True, steps=93, reward=65.84, teacher_path_len=58
🚀 4D 时空搜索启动 | 起飞时间: T=300.0s
   📍 起点: X=-4173.3m, Y=1813.0m, Z=1680.7m
   🎯 终点: X=-4075.4m, Y=2316.6m, Z=1612.1m
4D 寻路成功！耗时步数: 9, 路线总期望代价: 42035.87 J, 预计抵达时间: 352.3 s
🚀 4D 时空搜索启动 | 起飞时间: T=0.0s
   📍 起点: X=-6201.7m, Y=-1021.8m, Z=1584.2m
   🎯 终点: X=-4075.4m, Y=2316.6m, Z=1612.1m
4D 寻路成功！耗时步数: 60, 路线总期望代价: 381571.99 J, 预计抵达时间: 421.7 s
🚀 4D 时空搜索启动 | 起飞时间: T=0.0s
   📍 起点: X=-6201.7m, Y=-1021.8m, Z=1584.2m
   🎯 终点: X=-4075.4m, Y=2316.6m, Z=1612.1m
4D 寻路成功！耗时步数: 60, 路线总期望代价: 381571.99 J, 预计抵达时间: 421.7 s
🚀 4D 时空搜索启动 | 起飞时间: T=0.0s
   📍 起点: X=4415.1m, Y=7397.9m, Z=2514.3m
   🎯 终点: X=8083.5m, Y=6672.5m, Z=3554.7m
4D 寻路成功！耗时步数: 98, 路线总期望代价: 514308.05 J, 预计抵达时间: 435.7 s
🚀 4D 时空搜索启动 | 起飞时间: T=0.0s
   📍 起点: X=4415.1m, Y=7397.9m, Z=2514.3m
   🎯 终点: X=8083.5m, Y=6672.5m, Z=3554.7m
❌ 4D 搜索失败：步数耗尽，未找到安全通行路径。
🚀 4D 时空搜索启动 | 起飞时间: T=0.0s
   📍 起点: X=4415.1m, Y=7397.9m, Z=2514.3m
   🎯 终点: X=8083.5m, Y=6672.5m, Z=3554.7m
4D 寻路成功！耗时步数: 95, 路线总期望代价: 506795.61 J, 预计抵达时间: 430.9 s
🚀 4D 时空搜索启动 | 起飞时间: T=0.0s
   📍 起点: X=4415.1m, Y=7397.9m, Z=2514.3m
   🎯 终点: X=8083.5m, Y=6672.5m, Z=3554.7m
4D 寻路成功！耗时步数: 95, 路线总期望代价: 506795.61 J, 预计抵达时间: 430.9 s
🚀 4D 时空搜索启动 | 起飞时间: T=150.0s
   📍 起点: X=6262.1m, Y=6937.1m, Z=3194.0m
   🎯 终点: X=8083.5m, Y=6672.5m, Z=3554.7m
4D 寻路成功！耗时步数: 32, 路线总期望代价: 222246.20 J, 预计抵达时间: 349.8 s
🚀 4D 时空搜索启动 | 起飞时间: T=0.0s
   📍 起点: X=4415.1m, Y=7397.9m, Z=2514.3m
   🎯 终点: X=8083.5m, Y=6672.5m, Z=3554.7m
4D 寻路成功！耗时步数: 95, 路线总期望代价: 506795.61 J, 预计抵达时间: 430.9 s
🚀 4D 时空搜索启动 | 起飞时间: T=0.0s
   📍 起点: X=4415.1m, Y=7397.9m, Z=2514.3m
   🎯 终点: X=8083.5m, Y=6672.5m, Z=3554.7m
4D 寻路成功！耗时步数: 95, 路线总期望代价: 506795.61 J, 预计抵达时间: 430.9 s
🚀 4D 时空搜索启动 | 起飞时间: T=0.0s
   📍 起点: X=7245.6m, Y=6076.5m, Z=3887.6m
   🎯 终点: X=3588.3m, Y=8140.0m, Z=3061.5m
4D 寻路成功！耗时步数: 64, 路线总期望代价: 391170.00 J, 预计抵达时间: 471.8 s
🚀 4D 时空搜索启动 | 起飞时间: T=0.0s
   📍 起点: X=7245.6m, Y=6076.5m, Z=3887.6m
   🎯 终点: X=3588.3m, Y=8140.0m, Z=3061.5m
❌ 4D 搜索失败：步数耗尽，未找到安全通行路径。
🚀 4D 时空搜索启动 | 起飞时间: T=0.0s
   📍 起点: X=7245.6m, Y=6076.5m, Z=3887.6m
   🎯 终点: X=3588.3m, Y=8140.0m, Z=3061.5m
4D 寻路成功！耗时步数: 64, 路线总期望代价: 392203.68 J, 预计抵达时间: 472.3 s
🚀 4D 时空搜索启动 | 起飞时间: T=0.0s
   📍 起点: X=7245.6m, Y=6076.5m, Z=3887.6m
   🎯 终点: X=3588.3m, Y=8140.0m, Z=3061.5m
4D 寻路成功！耗时步数: 64, 路线总期望代价: 392203.68 J, 预计抵达时间: 472.3 s
🚀 4D 时空搜索启动 | 起飞时间: T=150.0s
   📍 起点: X=5753.5m, Y=7568.6m, Z=2776.0m
   🎯 终点: X=3588.3m, Y=8140.0m, Z=3061.5m
4D 寻路成功！耗时步数: 38, 路线总期望代价: 226893.27 J, 预计抵达时间: 395.4 s
🚀 4D 时空搜索启动 | 起飞时间: T=300.0s
   📍 起点: X=4224.0m, Y=8003.7m, Z=2771.3m
   🎯 终点: X=3588.3m, Y=8140.0m, Z=3061.5m
4D 寻路成功！耗时步数: 12, 路线总期望代价: 86559.51 J, 预计抵达时间: 376.6 s
🚀 4D 时空搜索启动 | 起飞时间: T=0.0s
   📍 起点: X=7245.6m, Y=6076.5m, Z=3887.6m
   🎯 终点: X=3588.3m, Y=8140.0m, Z=3061.5m
4D 寻路成功！耗时步数: 64, 路线总期望代价: 392203.68 J, 预计抵达时间: 472.3 s
🚀 4D 时空搜索启动 | 起飞时间: T=0.0s
   📍 起点: X=7245.6m, Y=6076.5m, Z=3887.6m
   🎯 终点: X=3588.3m, Y=8140.0m, Z=3061.5m
4D 寻路成功！耗时步数: 64, 路线总期望代价: 392203.68 J, 预计抵达时间: 472.3 s
🚀 4D 时空搜索启动 | 起飞时间: T=0.0s
   📍 起点: X=-6849.6m, Y=5350.9m, Z=2143.2m
   🎯 终点: X=-3858.6m, Y=4949.5m, Z=1769.1m
4D 寻路成功！耗时步数: 177, 路线总期望代价: 304080.73 J, 预计抵达时间: 336.2 s
🚀 4D 时空搜索启动 | 起飞时间: T=0.0s
   📍 起点: X=-6849.6m, Y=5350.9m, Z=2143.2m
   🎯 终点: X=-3858.6m, Y=4949.5m, Z=1769.1m
4D 寻路成功！耗时步数: 53232, 路线总期望代价: 3324.61 J, 预计抵达时间: 332.5 s
🚀 4D 时空搜索启动 | 起飞时间: T=0.0s
   📍 起点: X=-6849.6m, Y=5350.9m, Z=2143.2m
   🎯 终点: X=-3858.6m, Y=4949.5m, Z=1769.1m
4D 寻路成功！耗时步数: 177, 路线总期望代价: 303688.40 J, 预计抵达时间: 336.2 s
🚀 4D 时空搜索启动 | 起飞时间: T=0.0s
   📍 起点: X=-6849.6m, Y=5350.9m, Z=2143.2m
   🎯 终点: X=-3858.6m, Y=4949.5m, Z=1769.1m
4D 寻路成功！耗时步数: 177, 路线总期望代价: 303688.40 J, 预计抵达时间: 336.2 s
🚀 4D 时空搜索启动 | 起飞时间: T=150.0s
   📍 起点: X=-4876.9m, Y=5163.8m, Z=1930.5m
   🎯 终点: X=-3858.6m, Y=4949.5m, Z=1769.1m
4D 寻路成功！耗时步数: 18, 路线总期望代价: 93814.34 J, 预计抵达时间: 262.2 s
🚀 4D 时空搜索启动 | 起飞时间: T=0.0s
   📍 起点: X=-6849.6m, Y=5350.9m, Z=2143.2m
   🎯 终点: X=-3858.6m, Y=4949.5m, Z=1769.1m
4D 寻路成功！耗时步数: 177, 路线总期望代价: 303688.40 J, 预计抵达时间: 336.2 s
🚀 4D 时空搜索启动 | 起飞时间: T=0.0s
   📍 起点: X=-6849.6m, Y=5350.9m, Z=2143.2m
   🎯 终点: X=-3858.6m, Y=4949.5m, Z=1769.1m
4D 寻路成功！耗时步数: 177, 路线总期望代价: 303688.40 J, 预计抵达时间: 336.2 s
🚀 4D 时空搜索启动 | 起飞时间: T=0.0s
   📍 起点: X=-3009.7m, Y=-3385.7m, Z=2460.6m
   🎯 终点: X=-6312.5m, Y=-2198.4m, Z=2024.8m
4D 寻路成功！耗时步数: 58, 路线总期望代价: 341299.96 J, 预计抵达时间: 411.6 s
🚀 4D 时空搜索启动 | 起飞时间: T=0.0s
   📍 起点: X=-3009.7m, Y=-3385.7m, Z=2460.6m
   🎯 终点: X=-6312.5m, Y=-2198.4m, Z=2024.8m
❌ 4D 搜索失败：步数耗尽，未找到安全通行路径。
🚀 4D 时空搜索启动 | 起飞时间: T=0.0s
   📍 起点: X=-3009.7m, Y=-3385.7m, Z=2460.6m
   🎯 终点: X=-6312.5m, Y=-2198.4m, Z=2024.8m
4D 寻路成功！耗时步数: 58, 路线总期望代价: 338705.53 J, 预计抵达时间: 411.6 s
🚀 4D 时空搜索启动 | 起飞时间: T=0.0s
   📍 起点: X=-3009.7m, Y=-3385.7m, Z=2460.6m
   🎯 终点: X=-6312.5m, Y=-2198.4m, Z=2024.8m
4D 寻路成功！耗时步数: 58, 路线总期望代价: 338705.53 J, 预计抵达时间: 411.6 s
🚀 4D 时空搜索启动 | 起飞时间: T=150.0s
   📍 起点: X=-4763.2m, Y=-2323.4m, Z=2280.8m
   🎯 终点: X=-6312.5m, Y=-2198.4m, Z=2024.8m
4D 寻路成功！耗时步数: 27, 路线总期望代价: 151559.62 J, 预计抵达时间: 332.5 s
🚀 4D 时空搜索启动 | 起飞时间: T=0.0s
   📍 起点: X=-3009.7m, Y=-3385.7m, Z=2460.6m
   🎯 终点: X=-6312.5m, Y=-2198.4m, Z=2024.8m
4D 寻路成功！耗时步数: 58, 路线总期望代价: 338705.53 J, 预计抵达时间: 411.6 s
🚀 4D 时空搜索启动 | 起飞时间: T=0.0s
   📍 起点: X=-3009.7m, Y=-3385.7m, Z=2460.6m
   🎯 终点: X=-6312.5m, Y=-2198.4m, Z=2024.8m
4D 寻路成功！耗时步数: 58, 路线总期望代价: 338705.53 J, 预计抵达时间: 411.6 s
🚀 4D 时空搜索启动 | 起飞时间: T=0.0s
   📍 起点: X=-1944.4m, Y=-6005.7m, Z=1905.5m
   🎯 终点: X=-1729.4m, Y=-2053.7m, Z=2205.4m
4D 寻路成功！耗时步数: 383, 路线总期望代价: 459764.97 J, 预计抵达时间: 476.3 s
[2026-04-06 16:18:13,673] [INFO] ✓ Episode completed: success=True, steps=204, reward=60.75, teacher_path_len=69
[2026-04-06 16:18:16,369] [INFO] ✓ Episode completed: success=False, steps=51, reward=8.15, teacher_path_len=69
[2026-04-06 16:18:24,606] [INFO] ✓ Episode completed: success=True, steps=98, reward=42.84, teacher_path_len=32
[2026-04-06 16:18:25,492] [INFO] ✓ Episode completed: success=True, steps=50, reward=44.65, teacher_path_len=32
[2026-04-06 16:18:45,521] [INFO] ✓ Episode completed: success=True, steps=214, reward=58.05, teacher_path_len=56
[2026-04-06 16:18:47,399] [INFO] ✓ Episode completed: success=True, steps=108, reward=60.72, teacher_path_len=56
[2026-04-06 16:19:01,762] [INFO] ✓ Episode completed: success=True, steps=134, reward=44.64, teacher_path_len=38
[2026-04-06 16:19:02,976] [INFO] ✓ Episode completed: success=True, steps=68, reward=48.35, teacher_path_len=38
🚀 4D 时空搜索启动 | 起飞时间: T=0.0s
   📍 起点: X=-1944.4m, Y=-6005.7m, Z=1905.5m
   🎯 终点: X=-1729.4m, Y=-2053.7m, Z=2205.4m
❌ 4D 搜索失败：步数耗尽，未找到安全通行路径。
🚀 4D 时空搜索启动 | 起飞时间: T=0.0s
   📍 起点: X=-1944.4m, Y=-6005.7m, Z=1905.5m
   🎯 终点: X=-1729.4m, Y=-2053.7m, Z=2205.4m
4D 寻路成功！耗时步数: 383, 路线总期望代价: 460498.74 J, 预计抵达时间: 476.3 s
🚀 4D 时空搜索启动 | 起飞时间: T=0.0s
   📍 起点: X=-1944.4m, Y=-6005.7m, Z=1905.5m
   🎯 终点: X=-1729.4m, Y=-2053.7m, Z=2205.4m
4D 寻路成功！耗时步数: 383, 路线总期望代价: 460498.74 J, 预计抵达时间: 476.3 s
🚀 4D 时空搜索启动 | 起飞时间: T=150.0s
   📍 起点: X=-2117.2m, Y=-4008.1m, Z=2373.2m
   🎯 终点: X=-1729.4m, Y=-2053.7m, Z=2205.4m
4D 寻路成功！耗时步数: 64, 路线总期望代价: 235809.27 J, 预计抵达时间: 404.6 s
🚀 4D 时空搜索启动 | 起飞时间: T=300.0s
   📍 起点: X=-1667.0m, Y=-2327.1m, Z=2365.9m
   🎯 终点: X=-1729.4m, Y=-2053.7m, Z=2205.4m
4D 寻路成功！耗时步数: 5, 路线总期望代价: 24801.34 J, 预计抵达时间: 330.6 s
🚀 4D 时空搜索启动 | 起飞时间: T=0.0s
   📍 起点: X=-1944.4m, Y=-6005.7m, Z=1905.5m
   🎯 终点: X=-1729.4m, Y=-2053.7m, Z=2205.4m
4D 寻路成功！耗时步数: 383, 路线总期望代价: 460498.74 J, 预计抵达时间: 476.3 s
🚀 4D 时空搜索启动 | 起飞时间: T=0.0s
   📍 起点: X=-1944.4m, Y=-6005.7m, Z=1905.5m
   🎯 终点: X=-1729.4m, Y=-2053.7m, Z=2205.4m
4D 寻路成功！耗时步数: 383, 路线总期望代价: 460498.74 J, 预计抵达时间: 476.3 s
🚀 4D 时空搜索启动 | 起飞时间: T=0.0s
   📍 起点: X=5051.9m, Y=7384.9m, Z=2478.5m
   🎯 终点: X=3221.4m, Y=8140.0m, Z=2991.4m
4D 寻路成功！耗时步数: 32, 路线总期望代价: 243859.32 J, 预计抵达时间: 237.9 s
🚀 4D 时空搜索启动 | 起飞时间: T=0.0s
   📍 起点: X=5051.9m, Y=7384.9m, Z=2478.5m
   🎯 终点: X=3221.4m, Y=8140.0m, Z=2991.4m
4D 寻路成功！耗时步数: 35738, 路线总期望代价: 2251.10 J, 预计抵达时间: 225.1 s
🚀 4D 时空搜索启动 | 起飞时间: T=0.0s
   📍 起点: X=5051.9m, Y=7384.9m, Z=2478.5m
   🎯 终点: X=3221.4m, Y=8140.0m, Z=2991.4m
4D 寻路成功！耗时步数: 32, 路线总期望代价: 243564.47 J, 预计抵达时间: 237.9 s
🚀 4D 时空搜索启动 | 起飞时间: T=0.0s
   📍 起点: X=5051.9m, Y=7384.9m, Z=2478.5m
   🎯 终点: X=3221.4m, Y=8140.0m, Z=2991.4m
4D 寻路成功！耗时步数: 32, 路线总期望代价: 243564.47 J, 预计抵达时间: 237.9 s
🚀 4D 时空搜索启动 | 起飞时间: T=150.0s
   📍 起点: X=3361.1m, Y=8096.5m, Z=3047.3m
   🎯 终点: X=3221.4m, Y=8140.0m, Z=2991.4m
4D 寻路成功！耗时步数: 3, 路线总期望代价: 12768.30 J, 预计抵达时间: 165.8 s
🚀 4D 时空搜索启动 | 起飞时间: T=0.0s
   📍 起点: X=5051.9m, Y=7384.9m, Z=2478.5m
   🎯 终点: X=3221.4m, Y=8140.0m, Z=2991.4m
4D 寻路成功！耗时步数: 32, 路线总期望代价: 243564.47 J, 预计抵达时间: 237.9 s
🚀 4D 时空搜索启动 | 起飞时间: T=0.0s
   📍 起点: X=5051.9m, Y=7384.9m, Z=2478.5m
   🎯 终点: X=3221.4m, Y=8140.0m, Z=2991.4m
4D 寻路成功！耗时步数: 32, 路线总期望代价: 243564.47 J, 预计抵达时间: 237.9 s
🚀 4D 时空搜索启动 | 起飞时间: T=0.0s
   📍 起点: X=3870.5m, Y=4998.1m, Z=2264.5m
   🎯 终点: X=6853.5m, Y=8140.0m, Z=3220.6m
4D 寻路成功！耗时步数: 57, 路线总期望代价: 510921.89 J, 预计抵达时间: 464.8 s
🚀 4D 时空搜索启动 | 起飞时间: T=0.0s
   📍 起点: X=3870.5m, Y=4998.1m, Z=2264.5m
   🎯 终点: X=6853.5m, Y=8140.0m, Z=3220.6m
4D 寻路成功！耗时步数: 75979, 路线总期望代价: 4609.62 J, 预计抵达时间: 461.0 s
🚀 4D 时空搜索启动 | 起飞时间: T=0.0s
   📍 起点: X=3870.5m, Y=4998.1m, Z=2264.5m
   🎯 终点: X=6853.5m, Y=8140.0m, Z=3220.6m
4D 寻路成功！耗时步数: 57, 路线总期望代价: 511204.56 J, 预计抵达时间: 464.8 s
🚀 4D 时空搜索启动 | 起飞时间: T=0.0s
   📍 起点: X=3870.5m, Y=4998.1m, Z=2264.5m
   🎯 终点: X=6853.5m, Y=8140.0m, Z=3220.6m
4D 寻路成功！耗时步数: 57, 路线总期望代价: 511204.56 J, 预计抵达时间: 464.8 s
🚀 4D 时空搜索启动 | 起飞时间: T=150.0s
   📍 起点: X=5391.5m, Y=6519.2m, Z=2566.0m
   🎯 终点: X=6853.5m, Y=8140.0m, Z=3220.6m
4D 寻路成功！耗时步数: 37, 路线总期望代价: 287539.99 J, 预计抵达时间: 399.8 s
🚀 4D 时空搜索启动 | 起飞时间: T=300.0s
   📍 起点: X=6647.8m, Y=8063.5m, Z=3251.1m
   🎯 终点: X=6853.5m, Y=8140.0m, Z=3220.6m
4D 寻路成功！耗时步数: 4, 路线总期望代价: 16846.11 J, 预计抵达时间: 319.7 s
🚀 4D 时空搜索启动 | 起飞时间: T=0.0s
   📍 起点: X=3870.5m, Y=4998.1m, Z=2264.5m
   🎯 终点: X=6853.5m, Y=8140.0m, Z=3220.6m
4D 寻路成功！耗时步数: 57, 路线总期望代价: 511204.56 J, 预计抵达时间: 464.8 s
🚀 4D 时空搜索启动 | 起飞时间: T=0.0s
   📍 起点: X=3870.5m, Y=4998.1m, Z=2264.5m
   🎯 终点: X=6853.5m, Y=8140.0m, Z=3220.6m
4D 寻路成功！耗时步数: 57, 路线总期望代价: 511204.56 J, 预计抵达时间: 464.8 s
🚀 4D 时空搜索启动 | 起飞时间: T=0.0s
   📍 起点: X=-5379.7m, Y=6543.1m, Z=2079.2m
   🎯 终点: X=-3226.4m, Y=8140.0m, Z=3015.7m
4D 寻路成功！耗时步数: 38, 路线总期望代价: 360902.84 J, 预计抵达时间: 308.1 s
🚀 4D 时空搜索启动 | 起飞时间: T=0.0s
   📍 起点: X=-5379.7m, Y=6543.1m, Z=2079.2m
   🎯 终点: X=-3226.4m, Y=8140.0m, Z=3015.7m
4D 寻路成功！耗时步数: 59541, 路线总期望代价: 3043.69 J, 预计抵达时间: 304.4 s
🚀 4D 时空搜索启动 | 起飞时间: T=0.0s
   📍 起点: X=-5379.7m, Y=6543.1m, Z=2079.2m
   🎯 终点: X=-3226.4m, Y=8140.0m, Z=3015.7m
4D 寻路成功！耗时步数: 38, 路线总期望代价: 353238.36 J, 预计抵达时间: 308.1 s
🚀 4D 时空搜索启动 | 起飞时间: T=0.0s
   📍 起点: X=-5379.7m, Y=6543.1m, Z=2079.2m
   🎯 终点: X=-3226.4m, Y=8140.0m, Z=3015.7m
4D 寻路成功！耗时步数: 38, 路线总期望代价: 353238.36 J, 预计抵达时间: 308.1 s
🚀 4D 时空搜索启动 | 起飞时间: T=150.0s
   📍 起点: X=-3885.1m, Y=7983.1m, Z=2642.1m
   🎯 终点: X=-3226.4m, Y=8140.0m, Z=3015.7m
4D 寻路成功！耗时步数: 12, 路线总期望代价: 107678.98 J, 预计抵达时间: 232.2 s
🚀 4D 时空搜索启动 | 起飞时间: T=0.0s
   📍 起点: X=-5379.7m, Y=6543.1m, Z=2079.2m
   🎯 终点: X=-3226.4m, Y=8140.0m, Z=3015.7m
4D 寻路成功！耗时步数: 38, 路线总期望代价: 353238.36 J, 预计抵达时间: 308.1 s
🚀 4D 时空搜索启动 | 起飞时间: T=0.0s
   📍 起点: X=-5379.7m, Y=6543.1m, Z=2079.2m
   🎯 终点: X=-3226.4m, Y=8140.0m, Z=3015.7m
4D 寻路成功！耗时步数: 38, 路线总期望代价: 353238.36 J, 预计抵达时间: 308.1 s
🚀 4D 时空搜索启动 | 起飞时间: T=0.0s
   📍 起点: X=-5881.6m, Y=6055.6m, Z=2133.2m
   🎯 终点: X=-1166.1m, Y=6139.4m, Z=3127.2m
4D 寻路成功！耗时步数: 109, 路线总期望代价: 554843.25 J, 预计抵达时间: 507.8 s
🚀 4D 时空搜索启动 | 起飞时间: T=0.0s
   📍 起点: X=-5881.6m, Y=6055.6m, Z=2133.2m
   🎯 终点: X=-1166.1m, Y=6139.4m, Z=3127.2m
❌ 4D 搜索失败：步数耗尽，未找到安全通行路径。
🚀 4D 时空搜索启动 | 起飞时间: T=0.0s
   📍 起点: X=-5881.6m, Y=6055.6m, Z=2133.2m
   🎯 终点: X=-1166.1m, Y=6139.4m, Z=3127.2m
4D 寻路成功！耗时步数: 139, 路线总期望代价: 561154.31 J, 预计抵达时间: 517.9 s
🚀 4D 时空搜索启动 | 起飞时间: T=0.0s
   📍 起点: X=-5881.6m, Y=6055.6m, Z=2133.2m
   🎯 终点: X=-1166.1m, Y=6139.4m, Z=3127.2m
4D 寻路成功！耗时步数: 139, 路线总期望代价: 561154.31 J, 预计抵达时间: 517.9 s
[2026-04-06 16:19:34,334] [INFO] ✓ Episode completed: success=True, steps=236, reward=71.36, teacher_path_len=83
[2026-04-06 16:19:37,366] [INFO] ✓ Episode completed: success=False, steps=106, reward=32.98, teacher_path_len=83
[2026-04-06 16:19:56,035] [INFO] ✓ Episode completed: success=True, steps=201, reward=70.88, teacher_path_len=66
[2026-04-06 16:19:58,164] [INFO] ✓ Episode completed: success=True, steps=101, reward=72.13, teacher_path_len=66
[2026-04-06 16:20:16,900] [INFO] ✓ Episode completed: success=True, steps=193, reward=60.91, teacher_path_len=62
[2026-04-06 16:20:18,837] [INFO] ✓ Episode completed: success=True, steps=97, reward=63.81, teacher_path_len=62
[2026-04-06 16:21:52,327] [INFO] ✓ Episode completed: success=True, steps=207, reward=60.24, teacher_path_len=67
[2026-04-06 16:22:12,576] [INFO] ✓ Episode completed: success=True, steps=104, reward=64.77, teacher_path_len=67
[2026-04-06 16:22:34,246] [INFO] ✓ Episode completed: success=True, steps=170, reward=57.76, teacher_path_len=54
[2026-04-06 16:22:35,985] [INFO] ✓ Episode completed: success=True, steps=87, reward=62.38, teacher_path_len=54
🚀 4D 时空搜索启动 | 起飞时间: T=150.0s
   📍 起点: X=-3631.6m, Y=6055.6m, Z=2057.9m
   🎯 终点: X=-1166.1m, Y=6139.4m, Z=3127.2m
4D 寻路成功！耗时步数: 106, 路线总期望代价: 368292.56 J, 预计抵达时间: 439.4 s
🚀 4D 时空搜索启动 | 起飞时间: T=300.0s
   📍 起点: X=-1682.9m, Y=5940.4m, Z=2640.3m
   🎯 终点: X=-1166.1m, Y=6139.4m, Z=3127.2m
4D 寻路成功！耗时步数: 10, 路线总期望代价: 117970.00 J, 预计抵达时间: 374.4 s
🚀 4D 时空搜索启动 | 起飞时间: T=0.0s
   📍 起点: X=-5881.6m, Y=6055.6m, Z=2133.2m
   🎯 终点: X=-1166.1m, Y=6139.4m, Z=3127.2m
4D 寻路成功！耗时步数: 139, 路线总期望代价: 561154.31 J, 预计抵达时间: 517.9 s
🚀 4D 时空搜索启动 | 起飞时间: T=0.0s
   📍 起点: X=-5881.6m, Y=6055.6m, Z=2133.2m
   🎯 终点: X=-1166.1m, Y=6139.4m, Z=3127.2m
4D 寻路成功！耗时步数: 139, 路线总期望代价: 561154.31 J, 预计抵达时间: 517.9 s
🚀 4D 时空搜索启动 | 起飞时间: T=0.0s
   📍 起点: X=-943.1m, Y=4854.5m, Z=1929.5m
   🎯 终点: X=-4736.8m, Y=4429.7m, Z=1923.0m
4D 寻路成功！耗时步数: 66, 路线总期望代价: 348558.76 J, 预计抵达时间: 424.5 s
🚀 4D 时空搜索启动 | 起飞时间: T=0.0s
   📍 起点: X=-943.1m, Y=4854.5m, Z=1929.5m
   🎯 终点: X=-4736.8m, Y=4429.7m, Z=1923.0m
❌ 4D 搜索失败：步数耗尽，未找到安全通行路径。
🚀 4D 时空搜索启动 | 起飞时间: T=0.0s
   📍 起点: X=-943.1m, Y=4854.5m, Z=1929.5m
   🎯 终点: X=-4736.8m, Y=4429.7m, Z=1923.0m
4D 寻路成功！耗时步数: 66, 路线总期望代价: 349835.87 J, 预计抵达时间: 424.5 s
🚀 4D 时空搜索启动 | 起飞时间: T=0.0s
   📍 起点: X=-943.1m, Y=4854.5m, Z=1929.5m
   🎯 终点: X=-4736.8m, Y=4429.7m, Z=1923.0m
4D 寻路成功！耗时步数: 66, 路线总期望代价: 349835.87 J, 预计抵达时间: 424.5 s
🚀 4D 时空搜索启动 | 起飞时间: T=150.0s
   📍 起点: X=-3006.4m, Y=5210.3m, Z=1776.0m
   🎯 终点: X=-4736.8m, Y=4429.7m, Z=1923.0m
4D 寻路成功！耗时步数: 32, 路线总期望代价: 187781.06 J, 预计抵达时间: 361.3 s
🚀 4D 时空搜索启动 | 起飞时间: T=0.0s
   📍 起点: X=-943.1m, Y=4854.5m, Z=1929.5m
   🎯 终点: X=-4736.8m, Y=4429.7m, Z=1923.0m
4D 寻路成功！耗时步数: 66, 路线总期望代价: 349835.87 J, 预计抵达时间: 424.5 s
🚀 4D 时空搜索启动 | 起飞时间: T=0.0s
   📍 起点: X=-943.1m, Y=4854.5m, Z=1929.5m
   🎯 终点: X=-4736.8m, Y=4429.7m, Z=1923.0m
4D 寻路成功！耗时步数: 66, 路线总期望代价: 349835.87 J, 预计抵达时间: 424.5 s
🚀 4D 时空搜索启动 | 起飞时间: T=0.0s
   📍 起点: X=109.7m, Y=-4145.1m, Z=2264.0m
   🎯 终点: X=-3390.0m, Y=-3312.6m, Z=2478.2m
4D 寻路成功！耗时步数: 68, 路线总期望代价: 375887.78 J, 预计抵达时间: 422.7 s
🚀 4D 时空搜索启动 | 起飞时间: T=0.0s
   📍 起点: X=109.7m, Y=-4145.1m, Z=2264.0m
   🎯 终点: X=-3390.0m, Y=-3312.6m, Z=2478.2m
4D 寻路成功！耗时步数: 71674, 路线总期望代价: 3860.63 J, 预计抵达时间: 386.1 s
🚀 4D 时空搜索启动 | 起飞时间: T=0.0s
   📍 起点: X=109.7m, Y=-4145.1m, Z=2264.0m
   🎯 终点: X=-3390.0m, Y=-3312.6m, Z=2478.2m
4D 寻路成功！耗时步数: 68, 路线总期望代价: 375366.89 J, 预计抵达时间: 422.7 s
🚀 4D 时空搜索启动 | 起飞时间: T=0.0s
   📍 起点: X=109.7m, Y=-4145.1m, Z=2264.0m
   🎯 终点: X=-3390.0m, Y=-3312.6m, Z=2478.2m
4D 寻路成功！耗时步数: 68, 路线总期望代价: 375366.89 J, 预计抵达时间: 422.7 s
🚀 4D 时空搜索启动 | 起飞时间: T=150.0s
   📍 起点: X=-1799.1m, Y=-4137.1m, Z=2383.8m
   🎯 终点: X=-3390.0m, Y=-3312.6m, Z=2478.2m
4D 寻路成功！耗时步数: 41, 路线总期望代价: 180689.34 J, 预计抵达时间: 347.9 s
🚀 4D 时空搜索启动 | 起飞时间: T=0.0s
   📍 起点: X=109.7m, Y=-4145.1m, Z=2264.0m
   🎯 终点: X=-3390.0m, Y=-3312.6m, Z=2478.2m
4D 寻路成功！耗时步数: 68, 路线总期望代价: 375366.89 J, 预计抵达时间: 422.7 s
🚀 4D 时空搜索启动 | 起飞时间: T=0.0s
   📍 起点: X=109.7m, Y=-4145.1m, Z=2264.0m
   🎯 终点: X=-3390.0m, Y=-3312.6m, Z=2478.2m
4D 寻路成功！耗时步数: 68, 路线总期望代价: 375366.89 J, 预计抵达时间: 422.7 s
🚀 4D 时空搜索启动 | 起飞时间: T=0.0s
   📍 起点: X=4300.8m, Y=5253.1m, Z=2322.3m
   🎯 终点: X=8137.6m, Y=3779.0m, Z=3013.8m
4D 寻路成功！耗时步数: 12240, 路线总期望代价: 537564.37 J, 预计抵达时间: 488.7 s
🚀 4D 时空搜索启动 | 起飞时间: T=0.0s
   📍 起点: X=4300.8m, Y=5253.1m, Z=2322.3m
   🎯 终点: X=8137.6m, Y=3779.0m, Z=3013.8m
❌ 4D 搜索失败：步数耗尽，未找到安全通行路径。
🚀 4D 时空搜索启动 | 起飞时间: T=0.0s
   📍 起点: X=4300.8m, Y=5253.1m, Z=2322.3m
   🎯 终点: X=8137.6m, Y=3779.0m, Z=3013.8m
4D 寻路成功！耗时步数: 11742, 路线总期望代价: 539844.81 J, 预计抵达时间: 488.7 s
🚀 4D 时空搜索启动 | 起飞时间: T=0.0s
   📍 起点: X=4300.8m, Y=5253.1m, Z=2322.3m
   🎯 终点: X=8137.6m, Y=3779.0m, Z=3013.8m
4D 寻路成功！耗时步数: 11742, 路线总期望代价: 539844.81 J, 预计抵达时间: 488.7 s
🚀 4D 时空搜索启动 | 起飞时间: T=150.0s
   📍 起点: X=5855.6m, Y=4389.5m, Z=3219.2m
   🎯 终点: X=8137.6m, Y=3779.0m, Z=3013.8m
4D 寻路成功！耗时步数: 41, 路线总期望代价: 222506.83 J, 预计抵达时间: 405.1 s
🚀 4D 时空搜索启动 | 起飞时间: T=300.0s
   📍 起点: X=7770.6m, Y=3871.1m, Z=3128.3m
   🎯 终点: X=8137.6m, Y=3779.0m, Z=3013.8m
4D 寻路成功！耗时步数: 7, 路线总期望代价: 34466.99 J, 预计抵达时间: 340.2 s
🚀 4D 时空搜索启动 | 起飞时间: T=0.0s
   📍 起点: X=4300.8m, Y=5253.1m, Z=2322.3m
   🎯 终点: X=8137.6m, Y=3779.0m, Z=3013.8m
4D 寻路成功！耗时步数: 11742, 路线总期望代价: 539844.81 J, 预计抵达时间: 488.7 s
🚀 4D 时空搜索启动 | 起飞时间: T=0.0s
   📍 起点: X=4300.8m, Y=5253.1m, Z=2322.3m
   🎯 终点: X=8137.6m, Y=3779.0m, Z=3013.8m
4D 寻路成功！耗时步数: 11742, 路线总期望代价: 539844.81 J, 预计抵达时间: 488.7 s
🚀 4D 时空搜索启动 | 起飞时间: T=0.0s
   📍 起点: X=-4816.3m, Y=2989.1m, Z=1875.4m
   🎯 终点: X=-6003.4m, Y=-100.7m, Z=921.3m
4D 寻路成功！耗时步数: 54, 路线总期望代价: 336036.44 J, 预计抵达时间: 396.4 s
🚀 4D 时空搜索启动 | 起飞时间: T=0.0s
   📍 起点: X=-4816.3m, Y=2989.1m, Z=1875.4m
   🎯 终点: X=-6003.4m, Y=-100.7m, Z=921.3m
❌ 4D 搜索失败：步数耗尽，未找到安全通行路径。
🚀 4D 时空搜索启动 | 起飞时间: T=0.0s
   📍 起点: X=-4816.3m, Y=2989.1m, Z=1875.4m
   🎯 终点: X=-6003.4m, Y=-100.7m, Z=921.3m
4D 寻路成功！耗时步数: 54, 路线总期望代价: 337893.94 J, 预计抵达时间: 396.4 s
🚀 4D 时空搜索启动 | 起飞时间: T=0.0s
   📍 起点: X=-4816.3m, Y=2989.1m, Z=1875.4m
   🎯 终点: X=-6003.4m, Y=-100.7m, Z=921.3m
4D 寻路成功！耗时步数: 54, 路线总期望代价: 337893.94 J, 预计抵达时间: 396.4 s
🚀 4D 时空搜索启动 | 起飞时间: T=150.0s
   📍 起点: X=-5709.3m, Y=1405.0m, Z=1303.3m
   🎯 终点: X=-6003.4m, Y=-100.7m, Z=921.3m
4D 寻路成功！耗时步数: 27, 路线总期望代价: 150619.12 J, 预计抵达时间: 324.4 s
🚀 4D 时空搜索启动 | 起飞时间: T=0.0s
   📍 起点: X=-4816.3m, Y=2989.1m, Z=1875.4m
   🎯 终点: X=-6003.4m, Y=-100.7m, Z=921.3m
4D 寻路成功！耗时步数: 54, 路线总期望代价: 337893.94 J, 预计抵达时间: 396.4 s
🚀 4D 时空搜索启动 | 起飞时间: T=0.0s
   📍 起点: X=-4816.3m, Y=2989.1m, Z=1875.4m
   🎯 终点: X=-6003.4m, Y=-100.7m, Z=921.3m
4D 寻路成功！耗时步数: 54, 路线总期望代价: 337893.94 J, 预计抵达时间: 396.4 s
[2026-04-06 16:22:54,312] [INFO] ✓ Episode completed: success=True, steps=156, reward=55.93, teacher_path_len=49
[2026-04-06 16:22:56,026] [INFO] ✓ Episode completed: success=True, steps=79, reward=58.83, teacher_path_len=49
[2026-04-06 16:23:16,704] [INFO] ✓ Episode completed: success=True, steps=165, reward=60.90, teacher_path_len=52
[2026-04-06 16:23:18,453] [INFO] ✓ Episode completed: success=True, steps=83, reward=62.72, teacher_path_len=52
[2026-04-06 16:23:45,128] [INFO] ✓ Episode completed: success=True, steps=246, reward=69.05, teacher_path_len=76
[2026-04-06 16:23:47,885] [INFO] ✓ Episode completed: success=True, steps=124, reward=73.48, teacher_path_len=76
[2026-04-06 16:24:08,718] [INFO] ✓ Episode completed: success=False, steps=204, reward=20.38, teacher_path_len=59
[2026-04-06 16:24:10,834] [INFO] ✓ Episode completed: success=False, steps=99, reward=24.43, teacher_path_len=59
🚀 4D 时空搜索启动 | 起飞时间: T=0.0s
   📍 起点: X=7605.8m, Y=5078.2m, Z=3098.6m
   🎯 终点: X=4804.9m, Y=3812.7m, Z=3009.8m
4D 寻路成功！耗时步数: 51, 路线总期望代价: 300305.81 J, 预计抵达时间: 343.5 s
🚀 4D 时空搜索启动 | 起飞时间: T=0.0s
   📍 起点: X=7605.8m, Y=5078.2m, Z=3098.6m
   🎯 终点: X=4804.9m, Y=3812.7m, Z=3009.8m
4D 寻路成功！耗时步数: 90644, 路线总期望代价: 3430.90 J, 预计抵达时间: 343.1 s
🚀 4D 时空搜索启动 | 起飞时间: T=0.0s
   📍 起点: X=7605.8m, Y=5078.2m, Z=3098.6m
   🎯 终点: X=4804.9m, Y=3812.7m, Z=3009.8m
4D 寻路成功！耗时步数: 51, 路线总期望代价: 300507.03 J, 预计抵达时间: 343.5 s
🚀 4D 时空搜索启动 | 起飞时间: T=0.0s
   📍 起点: X=7605.8m, Y=5078.2m, Z=3098.6m
   🎯 终点: X=4804.9m, Y=3812.7m, Z=3009.8m
4D 寻路成功！耗时步数: 51, 路线总期望代价: 300507.03 J, 预计抵达时间: 343.5 s
🚀 4D 时空搜索启动 | 起飞时间: T=150.0s
   📍 起点: X=5873.1m, Y=4036.7m, Z=3045.2m
   🎯 终点: X=4804.9m, Y=3812.7m, Z=3009.8m
4D 寻路成功！耗时步数: 20, 路线总期望代价: 93879.42 J, 预计抵达时间: 265.1 s
🚀 4D 时空搜索启动 | 起飞时间: T=0.0s
   📍 起点: X=7605.8m, Y=5078.2m, Z=3098.6m
   🎯 终点: X=4804.9m, Y=3812.7m, Z=3009.8m
4D 寻路成功！耗时步数: 51, 路线总期望代价: 300507.03 J, 预计抵达时间: 343.5 s
🚀 4D 时空搜索启动 | 起飞时间: T=0.0s
   📍 起点: X=7605.8m, Y=5078.2m, Z=3098.6m
   🎯 终点: X=4804.9m, Y=3812.7m, Z=3009.8m
4D 寻路成功！耗时步数: 51, 路线总期望代价: 300507.03 J, 预计抵达时间: 343.5 s
🚀 4D 时空搜索启动 | 起飞时间: T=0.0s
   📍 起点: X=1174.6m, Y=-376.5m, Z=1552.5m
   🎯 终点: X=-87.8m, Y=2612.7m, Z=989.0m
4D 寻路成功！耗时步数: 52, 路线总期望代价: 291717.20 J, 预计抵达时间: 362.2 s
🚀 4D 时空搜索启动 | 起飞时间: T=0.0s
   📍 起点: X=1174.6m, Y=-376.5m, Z=1552.5m
   🎯 终点: X=-87.8m, Y=2612.7m, Z=989.0m
❌ 4D 搜索失败：步数耗尽，未找到安全通行路径。
🚀 4D 时空搜索启动 | 起飞时间: T=0.0s
   📍 起点: X=1174.6m, Y=-376.5m, Z=1552.5m
   🎯 终点: X=-87.8m, Y=2612.7m, Z=989.0m
4D 寻路成功！耗时步数: 52, 路线总期望代价: 291991.74 J, 预计抵达时间: 362.2 s
🚀 4D 时空搜索启动 | 起飞时间: T=0.0s
   📍 起点: X=1174.6m, Y=-376.5m, Z=1552.5m
   🎯 终点: X=-87.8m, Y=2612.7m, Z=989.0m
4D 寻路成功！耗时步数: 52, 路线总期望代价: 291991.74 J, 预计抵达时间: 362.2 s
🚀 4D 时空搜索启动 | 起飞时间: T=150.0s
   📍 起点: X=137.8m, Y=1345.2m, Z=1152.8m
   🎯 终点: X=-87.8m, Y=2612.7m, Z=989.0m
4D 寻路成功！耗时步数: 23, 路线总期望代价: 114232.93 J, 预计抵达时间: 291.0 s
🚀 4D 时空搜索启动 | 起飞时间: T=0.0s
   📍 起点: X=1174.6m, Y=-376.5m, Z=1552.5m
   🎯 终点: X=-87.8m, Y=2612.7m, Z=989.0m
4D 寻路成功！耗时步数: 52, 路线总期望代价: 291991.74 J, 预计抵达时间: 362.2 s
🚀 4D 时空搜索启动 | 起飞时间: T=0.0s
   📍 起点: X=1174.6m, Y=-376.5m, Z=1552.5m
   🎯 终点: X=-87.8m, Y=2612.7m, Z=989.0m
4D 寻路成功！耗时步数: 52, 路线总期望代价: 291991.74 J, 预计抵达时间: 362.2 s
🚀 4D 时空搜索启动 | 起飞时间: T=0.0s
   📍 起点: X=591.3m, Y=-2877.8m, Z=2177.8m
   🎯 终点: X=4938.9m, Y=-4988.1m, Z=2285.4m
4D 寻路成功！耗时步数: 116, 路线总期望代价: 523700.95 J, 预计抵达时间: 552.4 s
🚀 4D 时空搜索启动 | 起飞时间: T=0.0s
   📍 起点: X=591.3m, Y=-2877.8m, Z=2177.8m
   🎯 终点: X=4938.9m, Y=-4988.1m, Z=2285.4m
❌ 4D 搜索失败：步数耗尽，未找到安全通行路径。
🚀 4D 时空搜索启动 | 起飞时间: T=0.0s
   📍 起点: X=591.3m, Y=-2877.8m, Z=2177.8m
   🎯 终点: X=4938.9m, Y=-4988.1m, Z=2285.4m
4D 寻路成功！耗时步数: 116, 路线总期望代价: 521621.45 J, 预计抵达时间: 552.4 s
🚀 4D 时空搜索启动 | 起飞时间: T=0.0s
   📍 起点: X=591.3m, Y=-2877.8m, Z=2177.8m
   🎯 终点: X=4938.9m, Y=-4988.1m, Z=2285.4m
4D 寻路成功！耗时步数: 116, 路线总期望代价: 521621.45 J, 预计抵达时间: 552.4 s
🚀 4D 时空搜索启动 | 起飞时间: T=150.0s
   📍 起点: X=2284.2m, Y=-4052.3m, Z=2307.2m
   🎯 终点: X=4938.9m, Y=-4988.1m, Z=2285.4m
4D 寻路成功！耗时步数: 205, 路线总期望代价: 315262.66 J, 预计抵达时间: 483.4 s
🚀 4D 时空搜索启动 | 起飞时间: T=300.0s
   📍 起点: X=3973.4m, Y=-4589.4m, Z=2427.5m
   🎯 终点: X=4938.9m, Y=-4988.1m, Z=2285.4m
4D 寻路成功！耗时步数: 17, 路线总期望代价: 100964.14 J, 预计抵达时间: 413.1 s
🚀 4D 时空搜索启动 | 起飞时间: T=0.0s
   📍 起点: X=591.3m, Y=-2877.8m, Z=2177.8m
   🎯 终点: X=4938.9m, Y=-4988.1m, Z=2285.4m
4D 寻路成功！耗时步数: 116, 路线总期望代价: 521621.45 J, 预计抵达时间: 552.4 s
🚀 4D 时空搜索启动 | 起飞时间: T=0.0s
   📍 起点: X=591.3m, Y=-2877.8m, Z=2177.8m
   🎯 终点: X=4938.9m, Y=-4988.1m, Z=2285.4m
4D 寻路成功！耗时步数: 116, 路线总期望代价: 521621.45 J, 预计抵达时间: 552.4 s
🚀 4D 时空搜索启动 | 起飞时间: T=0.0s
   📍 起点: X=7430.5m, Y=2965.4m, Z=3006.3m
   🎯 终点: X=4949.5m, Y=-40.4m, Z=2113.9m
4D 寻路成功！耗时步数: 129, 路线总期望代价: 421618.60 J, 预计抵达时间: 467.1 s
🚀 4D 时空搜索启动 | 起飞时间: T=0.0s
   📍 起点: X=7430.5m, Y=2965.4m, Z=3006.3m
   🎯 终点: X=4949.5m, Y=-40.4m, Z=2113.9m
❌ 4D 搜索失败：步数耗尽，未找到安全通行路径。
🚀 4D 时空搜索启动 | 起飞时间: T=0.0s
   📍 起点: X=7430.5m, Y=2965.4m, Z=3006.3m
   🎯 终点: X=4949.5m, Y=-40.4m, Z=2113.9m
4D 寻路成功！耗时步数: 129, 路线总期望代价: 420660.69 J, 预计抵达时间: 467.1 s
🚀 4D 时空搜索启动 | 起飞时间: T=0.0s
   📍 起点: X=7430.5m, Y=2965.4m, Z=3006.3m
   🎯 终点: X=4949.5m, Y=-40.4m, Z=2113.9m
4D 寻路成功！耗时步数: 129, 路线总期望代价: 420660.69 J, 预计抵达时间: 467.1 s
🚀 4D 时空搜索启动 | 起飞时间: T=150.0s
   📍 起点: X=5885.6m, Y=1535.7m, Z=2620.6m
   🎯 终点: X=4949.5m, Y=-40.4m, Z=2113.9m
4D 寻路成功！耗时步数: 71, 路线总期望代价: 222352.38 J, 预计抵达时间: 388.2 s
🚀 4D 时空搜索启动 | 起飞时间: T=300.0s
   📍 起点: X=4848.8m, Y=71.4m, Z=1647.5m
   🎯 终点: X=4949.5m, Y=-40.4m, Z=2113.9m
4D 寻路成功！耗时步数: 25, 路线总期望代价: 81474.82 J, 预计抵达时间: 347.9 s
🚀 4D 时空搜索启动 | 起飞时间: T=0.0s
   📍 起点: X=7430.5m, Y=2965.4m, Z=3006.3m
   🎯 终点: X=4949.5m, Y=-40.4m, Z=2113.9m
4D 寻路成功！耗时步数: 129, 路线总期望代价: 420660.69 J, 预计抵达时间: 467.1 s
🚀 4D 时空搜索启动 | 起飞时间: T=0.0s
   📍 起点: X=7430.5m, Y=2965.4m, Z=3006.3m
   🎯 终点: X=4949.5m, Y=-40.4m, Z=2113.9m
4D 寻路成功！耗时步数: 129, 路线总期望代价: 420660.69 J, 预计抵达时间: 467.1 s
🚀 4D 时空搜索启动 | 起飞时间: T=0.0s
   📍 起点: X=3039.4m, Y=-4252.8m, Z=2496.9m
   🎯 终点: X=6270.1m, Y=-5210.0m, Z=1959.2m
4D 寻路成功！耗时步数: 69, 路线总期望代价: 348455.79 J, 预计抵达时间: 400.6 s
🚀 4D 时空搜索启动 | 起飞时间: T=0.0s
   📍 起点: X=3039.4m, Y=-4252.8m, Z=2496.9m
   🎯 终点: X=6270.1m, Y=-5210.0m, Z=1959.2m
❌ 4D 搜索失败：步数耗尽，未找到安全通行路径。
🚀 4D 时空搜索启动 | 起飞时间: T=0.0s
   📍 起点: X=3039.4m, Y=-4252.8m, Z=2496.9m
   🎯 终点: X=6270.1m, Y=-5210.0m, Z=1959.2m
4D 寻路成功！耗时步数: 69, 路线总期望代价: 351518.02 J, 预计抵达时间: 400.6 s
🚀 4D 时空搜索启动 | 起飞时间: T=0.0s
   📍 起点: X=3039.4m, Y=-4252.8m, Z=2496.9m
   🎯 终点: X=6270.1m, Y=-5210.0m, Z=1959.2m
[2026-04-06 16:24:31,607] [INFO] ✓ Episode completed: success=True, steps=169, reward=56.15, teacher_path_len=57
[2026-04-06 16:24:33,421] [INFO] ✓ Episode completed: success=True, steps=86, reward=62.75, teacher_path_len=57
[2026-04-06 16:24:56,482] [INFO] ✓ Episode completed: success=True, steps=175, reward=61.98, teacher_path_len=56
[2026-04-06 16:24:58,456] [INFO] ✓ Episode completed: success=True, steps=88, reward=63.80, teacher_path_len=56
[2026-04-06 16:25:18,996] [INFO] ✓ Episode completed: success=True, steps=157, reward=57.30, teacher_path_len=53
[2026-04-06 16:25:20,698] [INFO] ✓ Episode completed: success=True, steps=79, reward=63.67, teacher_path_len=53
[2026-04-06 16:25:49,054] [INFO] ✓ Episode completed: success=False, steps=225, reward=4.86, teacher_path_len=79
[2026-04-06 16:25:51,670] [INFO] ✓ Episode completed: success=False, steps=118, reward=35.33, teacher_path_len=79
4D 寻路成功！耗时步数: 69, 路线总期望代价: 351518.02 J, 预计抵达时间: 400.6 s
🚀 4D 时空搜索启动 | 起飞时间: T=150.0s
   📍 起点: X=4856.5m, Y=-4713.6m, Z=2234.8m
   🎯 终点: X=6270.1m, Y=-5210.0m, Z=1959.2m
4D 寻路成功！耗时步数: 25, 路线总期望代价: 142525.43 J, 预计抵达时间: 319.6 s
🚀 4D 时空搜索启动 | 起飞时间: T=0.0s
   📍 起点: X=3039.4m, Y=-4252.8m, Z=2496.9m
   🎯 终点: X=6270.1m, Y=-5210.0m, Z=1959.2m
4D 寻路成功！耗时步数: 69, 路线总期望代价: 351518.02 J, 预计抵达时间: 400.6 s
🚀 4D 时空搜索启动 | 起飞时间: T=0.0s
   📍 起点: X=3039.4m, Y=-4252.8m, Z=2496.9m
   🎯 终点: X=6270.1m, Y=-5210.0m, Z=1959.2m
4D 寻路成功！耗时步数: 69, 路线总期望代价: 351518.02 J, 预计抵达时间: 400.6 s
🚀 4D 时空搜索启动 | 起飞时间: T=0.0s
   📍 起点: X=5148.8m, Y=-6854.0m, Z=2625.3m
   🎯 终点: X=1940.1m, Y=-8140.0m, Z=1967.3m
4D 寻路成功！耗时步数: 56, 路线总期望代价: 317387.59 J, 预计抵达时间: 387.6 s
🚀 4D 时空搜索启动 | 起飞时间: T=0.0s
   📍 起点: X=5148.8m, Y=-6854.0m, Z=2625.3m
   🎯 终点: X=1940.1m, Y=-8140.0m, Z=1967.3m
❌ 4D 搜索失败：步数耗尽，未找到安全通行路径。
🚀 4D 时空搜索启动 | 起飞时间: T=0.0s
   📍 起点: X=5148.8m, Y=-6854.0m, Z=2625.3m
   🎯 终点: X=1940.1m, Y=-8140.0m, Z=1967.3m
4D 寻路成功！耗时步数: 56, 路线总期望代价: 318166.83 J, 预计抵达时间: 387.6 s
🚀 4D 时空搜索启动 | 起飞时间: T=0.0s
   📍 起点: X=5148.8m, Y=-6854.0m, Z=2625.3m
   🎯 终点: X=1940.1m, Y=-8140.0m, Z=1967.3m
4D 寻路成功！耗时步数: 56, 路线总期望代价: 318166.83 J, 预计抵达时间: 387.6 s
🚀 4D 时空搜索启动 | 起飞时间: T=150.0s
   📍 起点: X=3417.3m, Y=-7833.2m, Z=1880.8m
   🎯 终点: X=1940.1m, Y=-8140.0m, Z=1967.3m
4D 寻路成功！耗时步数: 26, 路线总期望代价: 143696.91 J, 预计抵达时间: 314.0 s
🚀 4D 时空搜索启动 | 起飞时间: T=0.0s
   📍 起点: X=5148.8m, Y=-6854.0m, Z=2625.3m
   🎯 终点: X=1940.1m, Y=-8140.0m, Z=1967.3m
4D 寻路成功！耗时步数: 56, 路线总期望代价: 318166.83 J, 预计抵达时间: 387.6 s
🚀 4D 时空搜索启动 | 起飞时间: T=0.0s
   📍 起点: X=5148.8m, Y=-6854.0m, Z=2625.3m
   🎯 终点: X=1940.1m, Y=-8140.0m, Z=1967.3m
4D 寻路成功！耗时步数: 56, 路线总期望代价: 318166.83 J, 预计抵达时间: 387.6 s
🚀 4D 时空搜索启动 | 起飞时间: T=0.0s
   📍 起点: X=-1295.4m, Y=-2305.0m, Z=2420.6m
   🎯 终点: X=-4297.1m, Y=-1426.1m, Z=1818.6m
4D 寻路成功！耗时步数: 54, 路线总期望代价: 299176.90 J, 预计抵达时间: 358.8 s
🚀 4D 时空搜索启动 | 起飞时间: T=0.0s
   📍 起点: X=-1295.4m, Y=-2305.0m, Z=2420.6m
   🎯 终点: X=-4297.1m, Y=-1426.1m, Z=1818.6m
❌ 4D 搜索失败：步数耗尽，未找到安全通行路径。
🚀 4D 时空搜索启动 | 起飞时间: T=0.0s
   📍 起点: X=-1295.4m, Y=-2305.0m, Z=2420.6m
   🎯 终点: X=-4297.1m, Y=-1426.1m, Z=1818.6m
4D 寻路成功！耗时步数: 54, 路线总期望代价: 302028.63 J, 预计抵达时间: 361.2 s
🚀 4D 时空搜索启动 | 起飞时间: T=0.0s
   📍 起点: X=-1295.4m, Y=-2305.0m, Z=2420.6m
   🎯 终点: X=-4297.1m, Y=-1426.1m, Z=1818.6m
4D 寻路成功！耗时步数: 54, 路线总期望代价: 302028.63 J, 预计抵达时间: 361.2 s
🚀 4D 时空搜索启动 | 起飞时间: T=150.0s
   📍 起点: X=-3134.6m, Y=-1617.8m, Z=1902.8m
   🎯 终点: X=-4297.1m, Y=-1426.1m, Z=1818.6m
4D 寻路成功！耗时步数: 26, 路线总期望代价: 122829.08 J, 预计抵达时间: 287.4 s
🚀 4D 时空搜索启动 | 起飞时间: T=0.0s
   📍 起点: X=-1295.4m, Y=-2305.0m, Z=2420.6m
   🎯 终点: X=-4297.1m, Y=-1426.1m, Z=1818.6m
4D 寻路成功！耗时步数: 54, 路线总期望代价: 302028.63 J, 预计抵达时间: 361.2 s
🚀 4D 时空搜索启动 | 起飞时间: T=0.0s
   📍 起点: X=-1295.4m, Y=-2305.0m, Z=2420.6m
   🎯 终点: X=-4297.1m, Y=-1426.1m, Z=1818.6m
4D 寻路成功！耗时步数: 54, 路线总期望代价: 302028.63 J, 预计抵达时间: 361.2 s
🚀 4D 时空搜索启动 | 起飞时间: T=0.0s
   📍 起点: X=-6319.3m, Y=3705.0m, Z=2154.4m
   🎯 终点: X=-7412.3m, Y=-805.2m, Z=1453.5m
4D 寻路成功！耗时步数: 87, 路线总期望代价: 498556.06 J, 预计抵达时间: 543.0 s
🚀 4D 时空搜索启动 | 起飞时间: T=0.0s
   📍 起点: X=-6319.3m, Y=3705.0m, Z=2154.4m
   🎯 终点: X=-7412.3m, Y=-805.2m, Z=1453.5m
❌ 4D 搜索失败：步数耗尽，未找到安全通行路径。
🚀 4D 时空搜索启动 | 起飞时间: T=0.0s
   📍 起点: X=-6319.3m, Y=3705.0m, Z=2154.4m
   🎯 终点: X=-7412.3m, Y=-805.2m, Z=1453.5m
4D 寻路成功！耗时步数: 87, 路线总期望代价: 498981.67 J, 预计抵达时间: 543.0 s
🚀 4D 时空搜索启动 | 起飞时间: T=0.0s
   📍 起点: X=-6319.3m, Y=3705.0m, Z=2154.4m
   🎯 终点: X=-7412.3m, Y=-805.2m, Z=1453.5m
4D 寻路成功！耗时步数: 87, 路线总期望代价: 498981.67 J, 预计抵达时间: 543.0 s
🚀 4D 时空搜索启动 | 起飞时间: T=150.0s
   📍 起点: X=-6530.8m, Y=1880.8m, Z=1971.7m
   🎯 终点: X=-7412.3m, Y=-805.2m, Z=1453.5m

[AI 4D预测] 预计在 T=413.6s 抵达高危空域！坐标:(-7.2km, -0.3km, 海拔1672m)
微气象分析 : TKE = 30.57 m^2/s^2 (受地形/尾流/切变综合影响)
极值风险模型 : 坠机概率 P_crash = 2.46%
MDP 代价转化 : 正常能耗 19193 J, 附加致命惩罚 1967 J

[AI 4D预测] 预计在 T=421.7s 抵达高危空域！坐标:(-7.3km, -0.4km, 海拔1572m)
微气象分析 : TKE = 28.93 m^2/s^2 (受地形/尾流/切变综合影响)
极值风险模型 : 坠机概率 P_crash = 1.70%
MDP 代价转化 : 正常能耗 12790 J, 附加致命惩罚 1363 J
4D 寻路成功！耗时步数: 208, 路线总期望代价: 319126.17 J, 预计抵达时间: 465.3 s
🚀 4D 时空搜索启动 | 起飞时间: T=300.0s
   📍 起点: X=-7222.0m, Y=15.4m, Z=793.7m
   🎯 终点: X=-7412.3m, Y=-805.2m, Z=1453.5m
4D 寻路成功！耗时步数: 17, 路线总期望代价: 174670.84 J, 预计抵达时间: 410.7 s
🚀 4D 时空搜索启动 | 起飞时间: T=0.0s
   📍 起点: X=-6319.3m, Y=3705.0m, Z=2154.4m
   🎯 终点: X=-7412.3m, Y=-805.2m, Z=1453.5m
4D 寻路成功！耗时步数: 87, 路线总期望代价: 498981.67 J, 预计抵达时间: 543.0 s
🚀 4D 时空搜索启动 | 起飞时间: T=0.0s
   📍 起点: X=-6319.3m, Y=3705.0m, Z=2154.4m
   🎯 终点: X=-7412.3m, Y=-805.2m, Z=1453.5m
4D 寻路成功！耗时步数: 87, 路线总期望代价: 498981.67 J, 预计抵达时间: 543.0 s
🚀 4D 时空搜索启动 | 起飞时间: T=0.0s
   📍 起点: X=-7609.0m, Y=-4689.7m, Z=1146.3m
   🎯 终点: X=-6463.3m, Y=-8140.0m, Z=613.0m
4D 寻路成功！耗时步数: 60, 路线总期望代价: 356671.72 J, 预计抵达时间: 406.5 s
🚀 4D 时空搜索启动 | 起飞时间: T=0.0s
   📍 起点: X=-7609.0m, Y=-4689.7m, Z=1146.3m
   🎯 终点: X=-6463.3m, Y=-8140.0m, Z=613.0m
❌ 4D 搜索失败：步数耗尽，未找到安全通行路径。
🚀 4D 时空搜索启动 | 起飞时间: T=0.0s
   📍 起点: X=-7609.0m, Y=-4689.7m, Z=1146.3m
   🎯 终点: X=-6463.3m, Y=-8140.0m, Z=613.0m
4D 寻路成功！耗时步数: 60, 路线总期望代价: 352909.29 J, 预计抵达时间: 406.5 s
🚀 4D 时空搜索启动 | 起飞时间: T=0.0s
   📍 起点: X=-7609.0m, Y=-4689.7m, Z=1146.3m
   🎯 终点: X=-6463.3m, Y=-8140.0m, Z=613.0m
4D 寻路成功！耗时步数: 60, 路线总期望代价: 352909.29 J, 预计抵达时间: 406.5 s
🚀 4D 时空搜索启动 | 起飞时间: T=150.0s
   📍 起点: X=-6860.2m, Y=-6511.2m, Z=773.1m
   🎯 终点: X=-6463.3m, Y=-8140.0m, Z=613.0m
4D 寻路成功！耗时步数: 29, 路线总期望代价: 156978.42 J, 预计抵达时间: 332.7 s
🚀 4D 时空搜索启动 | 起飞时间: T=0.0s
   📍 起点: X=-7609.0m, Y=-4689.7m, Z=1146.3m
   🎯 终点: X=-6463.3m, Y=-8140.0m, Z=613.0m
[2026-04-06 16:26:14,014] [INFO] ✓ Episode completed: success=True, steps=181, reward=62.68, teacher_path_len=60
[2026-04-06 16:26:15,949] [INFO] ✓ Episode completed: success=True, steps=91, reward=65.69, teacher_path_len=60
[2026-04-06 16:26:24,225] [INFO] ✓ Episode completed: success=True, steps=152, reward=59.14, teacher_path_len=54
[2026-04-06 16:26:25,918] [INFO] ✓ Episode completed: success=True, steps=76, reward=62.59, teacher_path_len=54
[2026-04-06 16:26:36,100] [INFO] ✓ Episode completed: success=True, steps=144, reward=48.80, teacher_path_len=39
[2026-04-06 16:26:37,503] [INFO] ✓ Episode completed: success=True, steps=72, reward=51.84, teacher_path_len=39
[2026-04-06 16:26:45,867] [INFO] ✓ Episode completed: success=True, steps=97, reward=41.20, teacher_path_len=29
[2026-04-06 16:26:46,870] [INFO] ✓ Episode completed: success=True, steps=49, reward=43.24, teacher_path_len=29
[2026-04-06 16:26:53,620] [INFO] ✓ Episode completed: success=True, steps=177, reward=57.05, teacher_path_len=46
[2026-04-06 16:26:55,224] [INFO] ✓ Episode completed: success=True, steps=89, reward=60.21, teacher_path_len=46
4D 寻路成功！耗时步数: 60, 路线总期望代价: 352909.29 J, 预计抵达时间: 406.5 s
🚀 4D 时空搜索启动 | 起飞时间: T=0.0s
   📍 起点: X=-7609.0m, Y=-4689.7m, Z=1146.3m
   🎯 终点: X=-6463.3m, Y=-8140.0m, Z=613.0m
4D 寻路成功！耗时步数: 60, 路线总期望代价: 352909.29 J, 预计抵达时间: 406.5 s
🚀 4D 时空搜索启动 | 起飞时间: T=0.0s
   📍 起点: X=-5054.6m, Y=830.2m, Z=1065.8m
   🎯 终点: X=-8140.0m, Y=691.9m, Z=833.3m
4D 寻路成功！耗时步数: 54, 路线总期望代价: 259047.13 J, 预计抵达时间: 316.6 s
🚀 4D 时空搜索启动 | 起飞时间: T=0.0s
   📍 起点: X=-5054.6m, Y=830.2m, Z=1065.8m
   🎯 终点: X=-8140.0m, Y=691.9m, Z=833.3m
4D 寻路成功！耗时步数: 10393, 路线总期望代价: 3166.11 J, 预计抵达时间: 316.6 s
🚀 4D 时空搜索启动 | 起飞时间: T=0.0s
   📍 起点: X=-5054.6m, Y=830.2m, Z=1065.8m
   🎯 终点: X=-8140.0m, Y=691.9m, Z=833.3m
4D 寻路成功！耗时步数: 54, 路线总期望代价: 261271.33 J, 预计抵达时间: 316.6 s
🚀 4D 时空搜索启动 | 起飞时间: T=0.0s
   📍 起点: X=-5054.6m, Y=830.2m, Z=1065.8m
   🎯 终点: X=-8140.0m, Y=691.9m, Z=833.3m
4D 寻路成功！耗时步数: 54, 路线总期望代价: 261271.33 J, 预计抵达时间: 316.6 s
🚀 4D 时空搜索启动 | 起飞时间: T=150.0s
   📍 起点: X=-7248.0m, Y=772.6m, Z=941.3m
   🎯 终点: X=-8140.0m, Y=691.9m, Z=833.3m
4D 寻路成功！耗时步数: 16, 路线总期望代价: 78156.07 J, 预计抵达时间: 244.9 s
🚀 4D 时空搜索启动 | 起飞时间: T=0.0s
   📍 起点: X=-5054.6m, Y=830.2m, Z=1065.8m
   🎯 终点: X=-8140.0m, Y=691.9m, Z=833.3m
4D 寻路成功！耗时步数: 54, 路线总期望代价: 261271.33 J, 预计抵达时间: 316.6 s
🚀 4D 时空搜索启动 | 起飞时间: T=0.0s
   📍 起点: X=-5054.6m, Y=830.2m, Z=1065.8m
   🎯 终点: X=-8140.0m, Y=691.9m, Z=833.3m
4D 寻路成功！耗时步数: 54, 路线总期望代价: 261271.33 J, 预计抵达时间: 316.6 s
🚀 4D 时空搜索启动 | 起飞时间: T=0.0s
   📍 起点: X=5506.7m, Y=6220.0m, Z=2757.5m
   🎯 终点: X=3294.6m, Y=8140.0m, Z=3029.0m
4D 寻路成功！耗时步数: 40, 路线总期望代价: 271603.67 J, 预计抵达时间: 304.7 s
🚀 4D 时空搜索启动 | 起飞时间: T=0.0s
   📍 起点: X=5506.7m, Y=6220.0m, Z=2757.5m
   🎯 终点: X=3294.6m, Y=8140.0m, Z=3029.0m
4D 寻路成功！耗时步数: 22227, 路线总期望代价: 3046.74 J, 预计抵达时间: 304.7 s
🚀 4D 时空搜索启动 | 起飞时间: T=0.0s
   📍 起点: X=5506.7m, Y=6220.0m, Z=2757.5m
   🎯 终点: X=3294.6m, Y=8140.0m, Z=3029.0m
4D 寻路成功！耗时步数: 40, 路线总期望代价: 271927.58 J, 预计抵达时间: 304.7 s
🚀 4D 时空搜索启动 | 起飞时间: T=0.0s
   📍 起点: X=5506.7m, Y=6220.0m, Z=2757.5m
   🎯 终点: X=3294.6m, Y=8140.0m, Z=3029.0m
4D 寻路成功！耗时步数: 40, 路线总期望代价: 271927.58 J, 预计抵达时间: 304.7 s
🚀 4D 时空搜索启动 | 起飞时间: T=150.0s
   📍 起点: X=3923.7m, Y=7745.5m, Z=2904.3m
   🎯 终点: X=3294.6m, Y=8140.0m, Z=3029.0m
4D 寻路成功！耗时步数: 12, 路线总期望代价: 76678.81 J, 预计抵达时间: 232.9 s
🚀 4D 时空搜索启动 | 起飞时间: T=0.0s
   📍 起点: X=5506.7m, Y=6220.0m, Z=2757.5m
   🎯 终点: X=3294.6m, Y=8140.0m, Z=3029.0m
4D 寻路成功！耗时步数: 40, 路线总期望代价: 271927.58 J, 预计抵达时间: 304.7 s
🚀 4D 时空搜索启动 | 起飞时间: T=0.0s
   📍 起点: X=5506.7m, Y=6220.0m, Z=2757.5m
   🎯 终点: X=3294.6m, Y=8140.0m, Z=3029.0m
4D 寻路成功！耗时步数: 40, 路线总期望代价: 271927.58 J, 预计抵达时间: 304.7 s
🚀 4D 时空搜索启动 | 起飞时间: T=0.0s
   📍 起点: X=-6528.8m, Y=7068.2m, Z=1952.1m
   🎯 终点: X=-4906.5m, Y=8140.0m, Z=2270.6m
4D 寻路成功！耗时步数: 29, 路线总期望代价: 218886.97 J, 预计抵达时间: 215.0 s
🚀 4D 时空搜索启动 | 起飞时间: T=0.0s
   📍 起点: X=-6528.8m, Y=7068.2m, Z=1952.1m
   🎯 终点: X=-4906.5m, Y=8140.0m, Z=2270.6m
4D 寻路成功！耗时步数: 27351, 路线总期望代价: 2126.98 J, 预计抵达时间: 212.7 s
🚀 4D 时空搜索启动 | 起飞时间: T=0.0s
   📍 起点: X=-6528.8m, Y=7068.2m, Z=1952.1m
   🎯 终点: X=-4906.5m, Y=8140.0m, Z=2270.6m
4D 寻路成功！耗时步数: 29, 路线总期望代价: 216337.43 J, 预计抵达时间: 214.5 s
🚀 4D 时空搜索启动 | 起飞时间: T=0.0s
   📍 起点: X=-6528.8m, Y=7068.2m, Z=1952.1m
   🎯 终点: X=-4906.5m, Y=8140.0m, Z=2270.6m
4D 寻路成功！耗时步数: 29, 路线总期望代价: 216337.43 J, 预计抵达时间: 214.5 s
🚀 4D 时空搜索启动 | 起飞时间: T=0.0s
   📍 起点: X=-6528.8m, Y=7068.2m, Z=1952.1m
   🎯 终点: X=-4906.5m, Y=8140.0m, Z=2270.6m
4D 寻路成功！耗时步数: 29, 路线总期望代价: 216337.43 J, 预计抵达时间: 214.5 s
🚀 4D 时空搜索启动 | 起飞时间: T=0.0s
   📍 起点: X=-6528.8m, Y=7068.2m, Z=1952.1m
   🎯 终点: X=-4906.5m, Y=8140.0m, Z=2270.6m
4D 寻路成功！耗时步数: 29, 路线总期望代价: 216337.43 J, 预计抵达时间: 214.5 s
🚀 4D 时空搜索启动 | 起飞时间: T=0.0s
   📍 起点: X=-5665.5m, Y=-7323.2m, Z=704.1m
   🎯 终点: X=-8140.0m, Y=-4734.4m, Z=1014.1m
4D 寻路成功！耗时步数: 46, 路线总期望代价: 327148.85 J, 预计抵达时间: 367.9 s
🚀 4D 时空搜索启动 | 起飞时间: T=0.0s
   📍 起点: X=-5665.5m, Y=-7323.2m, Z=704.1m
   🎯 终点: X=-8140.0m, Y=-4734.4m, Z=1014.1m
4D 寻路成功！耗时步数: 4045, 路线总期望代价: 3645.05 J, 预计抵达时间: 364.5 s
🚀 4D 时空搜索启动 | 起飞时间: T=0.0s
   📍 起点: X=-5665.5m, Y=-7323.2m, Z=704.1m
   🎯 终点: X=-8140.0m, Y=-4734.4m, Z=1014.1m
4D 寻路成功！耗时步数: 46, 路线总期望代价: 326492.80 J, 预计抵达时间: 367.9 s
🚀 4D 时空搜索启动 | 起飞时间: T=0.0s
   📍 起点: X=-5665.5m, Y=-7323.2m, Z=704.1m
   🎯 终点: X=-8140.0m, Y=-4734.4m, Z=1014.1m
4D 寻路成功！耗时步数: 46, 路线总期望代价: 326492.80 J, 预计抵达时间: 367.9 s
🚀 4D 时空搜索启动 | 起飞时间: T=150.0s
   📍 起点: X=-7223.4m, Y=-5822.9m, Z=955.4m
   🎯 终点: X=-8140.0m, Y=-4734.4m, Z=1014.1m
4D 寻路成功！耗时步数: 19, 路线总期望代价: 122102.79 J, 预计抵达时间: 293.3 s
🚀 4D 时空搜索启动 | 起飞时间: T=0.0s
   📍 起点: X=-5665.5m, Y=-7323.2m, Z=704.1m
   🎯 终点: X=-8140.0m, Y=-4734.4m, Z=1014.1m
4D 寻路成功！耗时步数: 46, 路线总期望代价: 326492.80 J, 预计抵达时间: 367.9 s
🚀 4D 时空搜索启动 | 起飞时间: T=0.0s
   📍 起点: X=-5665.5m, Y=-7323.2m, Z=704.1m
   🎯 终点: X=-8140.0m, Y=-4734.4m, Z=1014.1m
4D 寻路成功！耗时步数: 46, 路线总期望代价: 326492.80 J, 预计抵达时间: 367.9 s
🚀 4D 时空搜索启动 | 起飞时间: T=0.0s
   📍 起点: X=4319.6m, Y=5616.6m, Z=2248.8m
   🎯 终点: X=7140.4m, Y=7937.6m, Z=2944.9m
4D 寻路成功！耗时步数: 514, 路线总期望代价: 475630.51 J, 预计抵达时间: 428.2 s
🚀 4D 时空搜索启动 | 起飞时间: T=0.0s
   📍 起点: X=4319.6m, Y=5616.6m, Z=2248.8m
   🎯 终点: X=7140.4m, Y=7937.6m, Z=2944.9m
❌ 4D 搜索失败：步数耗尽，未找到安全通行路径。
🚀 4D 时空搜索启动 | 起飞时间: T=0.0s
   📍 起点: X=4319.6m, Y=5616.6m, Z=2248.8m
   🎯 终点: X=7140.4m, Y=7937.6m, Z=2944.9m
4D 寻路成功！耗时步数: 503, 路线总期望代价: 473809.07 J, 预计抵达时间: 428.2 s
🚀 4D 时空搜索启动 | 起飞时间: T=0.0s
   📍 起点: X=4319.6m, Y=5616.6m, Z=2248.8m
   🎯 终点: X=7140.4m, Y=7937.6m, Z=2944.9m
4D 寻路成功！耗时步数: 503, 路线总期望代价: 473809.07 J, 预计抵达时间: 428.2 s
🚀 4D 时空搜索启动 | 起飞时间: T=150.0s
   📍 起点: X=5702.0m, Y=7143.3m, Z=2790.7m
   🎯 终点: X=7140.4m, Y=7937.6m, Z=2944.9m
[2026-04-06 16:27:19,877] [INFO] ✓ Episode completed: success=True, steps=185, reward=55.31, teacher_path_len=53
[2026-04-06 16:27:22,935] [INFO] ✓ Episode completed: success=True, steps=93, reward=58.21, teacher_path_len=53
[2026-04-06 16:27:40,998] [INFO] ✓ Episode completed: success=True, steps=188, reward=61.87, teacher_path_len=63
[2026-04-06 16:27:43,127] [INFO] ✓ Episode completed: success=True, steps=95, reward=67.32, teacher_path_len=63
[2026-04-06 16:28:07,733] [INFO] ✓ Episode completed: success=True, steps=252, reward=73.32, teacher_path_len=76
[2026-04-06 16:28:09,958] [INFO] ✓ Episode completed: success=True, steps=127, reward=78.49, teacher_path_len=76
[2026-04-06 16:28:24,236] [INFO] ✓ Episode completed: success=True, steps=155, reward=53.78, teacher_path_len=47
[2026-04-06 16:28:25,748] [INFO] ✓ Episode completed: success=False, steps=22, reward=-8.07, teacher_path_len=47
[2026-04-06 16:28:52,957] [INFO] ✓ Episode completed: success=True, steps=244, reward=66.97, teacher_path_len=67
[2026-04-06 16:28:55,499] [INFO] ✓ Episode completed: success=True, steps=122, reward=70.32, teacher_path_len=67
4D 寻路成功！耗时步数: 304, 路线总期望代价: 212926.68 J, 预计抵达时间: 346.5 s
🚀 4D 时空搜索启动 | 起飞时间: T=0.0s
   📍 起点: X=4319.6m, Y=5616.6m, Z=2248.8m
   🎯 终点: X=7140.4m, Y=7937.6m, Z=2944.9m
4D 寻路成功！耗时步数: 503, 路线总期望代价: 473809.07 J, 预计抵达时间: 428.2 s
🚀 4D 时空搜索启动 | 起飞时间: T=0.0s
   📍 起点: X=4319.6m, Y=5616.6m, Z=2248.8m
   🎯 终点: X=7140.4m, Y=7937.6m, Z=2944.9m
4D 寻路成功！耗时步数: 503, 路线总期望代价: 473809.07 J, 预计抵达时间: 428.2 s
🚀 4D 时空搜索启动 | 起飞时间: T=0.0s
   📍 起点: X=-4430.7m, Y=-1155.3m, Z=1647.3m
   🎯 终点: X=-852.8m, Y=-718.8m, Z=1569.1m
4D 寻路成功！耗时步数: 68, 路线总期望代价: 366784.21 J, 预计抵达时间: 399.5 s
🚀 4D 时空搜索启动 | 起飞时间: T=0.0s
   📍 起点: X=-4430.7m, Y=-1155.3m, Z=1647.3m
   🎯 终点: X=-852.8m, Y=-718.8m, Z=1569.1m
4D 寻路成功！耗时步数: 59603, 路线总期望代价: 3879.13 J, 预计抵达时间: 387.9 s
🚀 4D 时空搜索启动 | 起飞时间: T=0.0s
   📍 起点: X=-4430.7m, Y=-1155.3m, Z=1647.3m
   🎯 终点: X=-852.8m, Y=-718.8m, Z=1569.1m
4D 寻路成功！耗时步数: 68, 路线总期望代价: 365342.79 J, 预计抵达时间: 400.0 s
🚀 4D 时空搜索启动 | 起飞时间: T=0.0s
   📍 起点: X=-4430.7m, Y=-1155.3m, Z=1647.3m
   🎯 终点: X=-852.8m, Y=-718.8m, Z=1569.1m
4D 寻路成功！耗时步数: 68, 路线总期望代价: 365342.79 J, 预计抵达时间: 400.0 s
🚀 4D 时空搜索启动 | 起飞时间: T=150.0s
   📍 起点: X=-2481.1m, Y=-464.1m, Z=1620.4m
   🎯 终点: X=-852.8m, Y=-718.8m, Z=1569.1m
4D 寻路成功！耗时步数: 29, 路线总期望代价: 149390.69 J, 预计抵达时间: 322.2 s
🚀 4D 时空搜索启动 | 起飞时间: T=0.0s
   📍 起点: X=-4430.7m, Y=-1155.3m, Z=1647.3m
   🎯 终点: X=-852.8m, Y=-718.8m, Z=1569.1m
4D 寻路成功！耗时步数: 68, 路线总期望代价: 365342.79 J, 预计抵达时间: 400.0 s
🚀 4D 时空搜索启动 | 起飞时间: T=0.0s
   📍 起点: X=-4430.7m, Y=-1155.3m, Z=1647.3m
   🎯 终点: X=-852.8m, Y=-718.8m, Z=1569.1m
4D 寻路成功！耗时步数: 68, 路线总期望代价: 365342.79 J, 预计抵达时间: 400.0 s
🚀 4D 时空搜索启动 | 起飞时间: T=0.0s
   📍 起点: X=2851.5m, Y=7215.7m, Z=2363.9m
   🎯 终点: X=510.0m, Y=2873.1m, Z=1020.4m
4D 寻路成功！耗时步数: 76, 路线总期望代价: 482876.24 J, 预计抵达时间: 580.7 s
🚀 4D 时空搜索启动 | 起飞时间: T=0.0s
   📍 起点: X=2851.5m, Y=7215.7m, Z=2363.9m
   🎯 终点: X=510.0m, Y=2873.1m, Z=1020.4m
❌ 4D 搜索失败：步数耗尽，未找到安全通行路径。
🚀 4D 时空搜索启动 | 起飞时间: T=0.0s
   📍 起点: X=2851.5m, Y=7215.7m, Z=2363.9m
   🎯 终点: X=510.0m, Y=2873.1m, Z=1020.4m
4D 寻路成功！耗时步数: 76, 路线总期望代价: 484936.02 J, 预计抵达时间: 580.7 s
🚀 4D 时空搜索启动 | 起飞时间: T=0.0s
   📍 起点: X=2851.5m, Y=7215.7m, Z=2363.9m
   🎯 终点: X=510.0m, Y=2873.1m, Z=1020.4m
4D 寻路成功！耗时步数: 76, 路线总期望代价: 484936.02 J, 预计抵达时间: 580.7 s
🚀 4D 时空搜索启动 | 起飞时间: T=150.0s
   📍 起点: X=1543.2m, Y=5677.1m, Z=1782.9m
   🎯 终点: X=510.0m, Y=2873.1m, Z=1020.4m
4D 寻路成功！耗时步数: 49, 路线总期望代价: 304136.09 J, 预计抵达时间: 512.0 s
🚀 4D 时空搜索启动 | 起飞时间: T=300.0s
   📍 起点: X=1082.4m, Y=3854.7m, Z=1632.8m
   🎯 终点: X=510.0m, Y=2873.1m, Z=1020.4m
4D 寻路成功！耗时步数: 18, 路线总期望代价: 115377.69 J, 预计抵达时间: 441.5 s
🚀 4D 时空搜索启动 | 起飞时间: T=0.0s
   📍 起点: X=2851.5m, Y=7215.7m, Z=2363.9m
   🎯 终点: X=510.0m, Y=2873.1m, Z=1020.4m
4D 寻路成功！耗时步数: 76, 路线总期望代价: 484936.02 J, 预计抵达时间: 580.7 s
🚀 4D 时空搜索启动 | 起飞时间: T=0.0s
   📍 起点: X=2851.5m, Y=7215.7m, Z=2363.9m
   🎯 终点: X=510.0m, Y=2873.1m, Z=1020.4m
4D 寻路成功！耗时步数: 76, 路线总期望代价: 484936.02 J, 预计抵达时间: 580.7 s
🚀 4D 时空搜索启动 | 起飞时间: T=0.0s
   📍 起点: X=657.9m, Y=-4552.1m, Z=2013.5m
   🎯 终点: X=3009.2m, Y=-2533.2m, Z=1928.9m
4D 寻路成功！耗时步数: 234, 路线总期望代价: 355551.09 J, 预计抵达时间: 370.8 s
🚀 4D 时空搜索启动 | 起飞时间: T=0.0s
   📍 起点: X=657.9m, Y=-4552.1m, Z=2013.5m
   🎯 终点: X=3009.2m, Y=-2533.2m, Z=1928.9m
4D 寻路成功！耗时步数: 56698, 路线总期望代价: 3575.12 J, 预计抵达时间: 357.5 s
🚀 4D 时空搜索启动 | 起飞时间: T=0.0s
   📍 起点: X=657.9m, Y=-4552.1m, Z=2013.5m
   🎯 终点: X=3009.2m, Y=-2533.2m, Z=1928.9m
4D 寻路成功！耗时步数: 238, 路线总期望代价: 358368.86 J, 预计抵达时间: 370.8 s
🚀 4D 时空搜索启动 | 起飞时间: T=0.0s
   📍 起点: X=657.9m, Y=-4552.1m, Z=2013.5m
   🎯 终点: X=3009.2m, Y=-2533.2m, Z=1928.9m
4D 寻路成功！耗时步数: 238, 路线总期望代价: 358368.86 J, 预计抵达时间: 370.8 s
🚀 4D 时空搜索启动 | 起飞时间: T=150.0s
   📍 起点: X=2136.7m, Y=-3476.6m, Z=2179.4m
   🎯 终点: X=3009.2m, Y=-2533.2m, Z=1928.9m
4D 寻路成功！耗时步数: 19, 路线总期望代价: 118666.71 J, 预计抵达时间: 292.2 s
🚀 4D 时空搜索启动 | 起飞时间: T=0.0s
   📍 起点: X=657.9m, Y=-4552.1m, Z=2013.5m
   🎯 终点: X=3009.2m, Y=-2533.2m, Z=1928.9m
4D 寻路成功！耗时步数: 238, 路线总期望代价: 358368.86 J, 预计抵达时间: 370.8 s
🚀 4D 时空搜索启动 | 起飞时间: T=0.0s
   📍 起点: X=657.9m, Y=-4552.1m, Z=2013.5m
   🎯 终点: X=3009.2m, Y=-2533.2m, Z=1928.9m
4D 寻路成功！耗时步数: 238, 路线总期望代价: 358368.86 J, 预计抵达时间: 370.8 s
🚀 4D 时空搜索启动 | 起飞时间: T=0.0s
   📍 起点: X=-243.1m, Y=4408.8m, Z=1861.3m
   🎯 终点: X=3604.1m, Y=1603.4m, Z=1636.9m
4D 寻路成功！耗时步数: 67, 路线总期望代价: 462809.05 J, 预计抵达时间: 503.2 s
🚀 4D 时空搜索启动 | 起飞时间: T=0.0s
   📍 起点: X=-243.1m, Y=4408.8m, Z=1861.3m
   🎯 终点: X=3604.1m, Y=1603.4m, Z=1636.9m
❌ 4D 搜索失败：步数耗尽，未找到安全通行路径。
🚀 4D 时空搜索启动 | 起飞时间: T=0.0s
   📍 起点: X=-243.1m, Y=4408.8m, Z=1861.3m
   🎯 终点: X=3604.1m, Y=1603.4m, Z=1636.9m
4D 寻路成功！耗时步数: 67, 路线总期望代价: 464964.97 J, 预计抵达时间: 503.2 s
🚀 4D 时空搜索启动 | 起飞时间: T=0.0s
   📍 起点: X=-243.1m, Y=4408.8m, Z=1861.3m
   🎯 终点: X=3604.1m, Y=1603.4m, Z=1636.9m
4D 寻路成功！耗时步数: 67, 路线总期望代价: 464964.97 J, 预计抵达时间: 503.2 s
🚀 4D 时空搜索启动 | 起飞时间: T=150.0s
   📍 起点: X=1347.9m, Y=2817.8m, Z=1167.2m
   🎯 终点: X=3604.1m, Y=1603.4m, Z=1636.9m
4D 寻路成功！耗时步数: 40, 路线总期望代价: 296724.13 J, 预计抵达时间: 439.7 s
🚀 4D 时空搜索启动 | 起飞时间: T=300.0s
   📍 起点: X=2532.5m, Y=1838.6m, Z=1263.7m
   🎯 终点: X=3604.1m, Y=1603.4m, Z=1636.9m
4D 寻路成功！耗时步数: 19, 路线总期望代价: 142578.23 J, 预计抵达时间: 425.4 s
🚀 4D 时空搜索启动 | 起飞时间: T=0.0s
   📍 起点: X=-243.1m, Y=4408.8m, Z=1861.3m
   🎯 终点: X=3604.1m, Y=1603.4m, Z=1636.9m
4D 寻路成功！耗时步数: 67, 路线总期望代价: 464964.97 J, 预计抵达时间: 503.2 s
🚀 4D 时空搜索启动 | 起飞时间: T=0.0s
   📍 起点: X=-243.1m, Y=4408.8m, Z=1861.3m
   🎯 终点: X=3604.1m, Y=1603.4m, Z=1636.9m
4D 寻路成功！耗时步数: 67, 路线总期望代价: 464964.97 J, 预计抵达时间: 503.2 s
🚀 4D 时空搜索启动 | 起飞时间: T=0.0s
   📍 起点: X=6239.2m, Y=4745.3m, Z=3315.6m
   🎯 终点: X=8091.8m, Y=307.8m, Z=3220.9m
4D 寻路成功！耗时步数: 349, 路线总期望代价: 504809.92 J, 预计抵达时间: 537.2 s
[2026-04-06 16:29:29,346] [INFO] ✓ Episode completed: success=True, steps=244, reward=73.22, teacher_path_len=78
[2026-04-06 16:29:33,181] [INFO] ✓ Episode completed: success=True, steps=123, reward=77.30, teacher_path_len=78
[2026-04-06 16:29:44,300] [INFO] ✓ Episode completed: success=True, steps=201, reward=59.71, teacher_path_len=57
[2026-04-06 16:29:45,997] [INFO] ✓ Episode completed: success=True, steps=101, reward=61.90, teacher_path_len=57
[2026-04-06 16:29:55,805] [INFO] ✓ Episode completed: success=True, steps=173, reward=55.19, teacher_path_len=47
[2026-04-06 16:29:57,207] [INFO] ✓ Episode completed: success=False, steps=58, reward=4.34, teacher_path_len=47
[2026-04-06 16:30:19,136] [INFO] ✓ Episode completed: success=True, steps=198, reward=63.22, teacher_path_len=52
[2026-04-06 16:30:21,143] [INFO] ✓ Episode completed: success=True, steps=100, reward=65.00, teacher_path_len=52
🚀 4D 时空搜索启动 | 起飞时间: T=0.0s
   📍 起点: X=6239.2m, Y=4745.3m, Z=3315.6m
   🎯 终点: X=8091.8m, Y=307.8m, Z=3220.9m
❌ 4D 搜索失败：步数耗尽，未找到安全通行路径。
🚀 4D 时空搜索启动 | 起飞时间: T=0.0s
   📍 起点: X=6239.2m, Y=4745.3m, Z=3315.6m
   🎯 终点: X=8091.8m, Y=307.8m, Z=3220.9m
4D 寻路成功！耗时步数: 452, 路线总期望代价: 508918.25 J, 预计抵达时间: 537.2 s
🚀 4D 时空搜索启动 | 起飞时间: T=0.0s
   📍 起点: X=6239.2m, Y=4745.3m, Z=3315.6m
   🎯 终点: X=8091.8m, Y=307.8m, Z=3220.9m
4D 寻路成功！耗时步数: 452, 路线总期望代价: 508918.25 J, 预计抵达时间: 537.2 s
🚀 4D 时空搜索启动 | 起飞时间: T=150.0s
   📍 起点: X=7333.6m, Y=2948.6m, Z=2980.4m
   🎯 终点: X=8091.8m, Y=307.8m, Z=3220.9m
4D 寻路成功！耗时步数: 381, 路线总期望代价: 331084.92 J, 预计抵达时间: 468.0 s
🚀 4D 时空搜索启动 | 起飞时间: T=300.0s
   📍 起点: X=7794.4m, Y=1261.7m, Z=3338.0m
   🎯 终点: X=8091.8m, Y=307.8m, Z=3220.9m
4D 寻路成功！耗时步数: 195, 路线总期望代价: 122059.58 J, 预计抵达时间: 421.5 s
🚀 4D 时空搜索启动 | 起飞时间: T=0.0s
   📍 起点: X=6239.2m, Y=4745.3m, Z=3315.6m
   🎯 终点: X=8091.8m, Y=307.8m, Z=3220.9m
4D 寻路成功！耗时步数: 452, 路线总期望代价: 508918.25 J, 预计抵达时间: 537.2 s
🚀 4D 时空搜索启动 | 起飞时间: T=0.0s
   📍 起点: X=6239.2m, Y=4745.3m, Z=3315.6m
   🎯 终点: X=8091.8m, Y=307.8m, Z=3220.9m
4D 寻路成功！耗时步数: 452, 路线总期望代价: 508918.25 J, 预计抵达时间: 537.2 s
🚀 4D 时空搜索启动 | 起飞时间: T=0.0s
   📍 起点: X=2796.3m, Y=169.3m, Z=1346.1m
   🎯 终点: X=5681.2m, Y=-2702.8m, Z=1796.7m
4D 寻路成功！耗时步数: 58, 路线总期望代价: 443268.18 J, 预计抵达时间: 448.7 s
🚀 4D 时空搜索启动 | 起飞时间: T=0.0s
   📍 起点: X=2796.3m, Y=169.3m, Z=1346.1m
   🎯 终点: X=5681.2m, Y=-2702.8m, Z=1796.7m
4D 寻路成功！耗时步数: 27299, 路线总期望代价: 4284.75 J, 预计抵达时间: 428.5 s
🚀 4D 时空搜索启动 | 起飞时间: T=0.0s
   📍 起点: X=2796.3m, Y=169.3m, Z=1346.1m
   🎯 终点: X=5681.2m, Y=-2702.8m, Z=1796.7m
4D 寻路成功！耗时步数: 58, 路线总期望代价: 444027.92 J, 预计抵达时间: 448.7 s
🚀 4D 时空搜索启动 | 起飞时间: T=0.0s
   📍 起点: X=2796.3m, Y=169.3m, Z=1346.1m
   🎯 终点: X=5681.2m, Y=-2702.8m, Z=1796.7m
4D 寻路成功！耗时步数: 58, 路线总期望代价: 444027.92 J, 预计抵达时间: 448.7 s
🚀 4D 时空搜索启动 | 起飞时间: T=150.0s
   📍 起点: X=4293.5m, Y=-1212.7m, Z=1769.6m
   🎯 终点: X=5681.2m, Y=-2702.8m, Z=1796.7m
4D 寻路成功！耗时步数: 29, 路线总期望代价: 207316.26 J, 预计抵达时间: 371.3 s
🚀 4D 时空搜索启动 | 起飞时间: T=0.0s
   📍 起点: X=2796.3m, Y=169.3m, Z=1346.1m
   🎯 终点: X=5681.2m, Y=-2702.8m, Z=1796.7m
4D 寻路成功！耗时步数: 58, 路线总期望代价: 444027.92 J, 预计抵达时间: 448.7 s
🚀 4D 时空搜索启动 | 起飞时间: T=0.0s
   📍 起点: X=2796.3m, Y=169.3m, Z=1346.1m
   🎯 终点: X=5681.2m, Y=-2702.8m, Z=1796.7m
4D 寻路成功！耗时步数: 58, 路线总期望代价: 444027.92 J, 预计抵达时间: 448.7 s
🚀 4D 时空搜索启动 | 起飞时间: T=0.0s
   📍 起点: X=5326.8m, Y=3045.9m, Z=2393.7m
   🎯 终点: X=7727.0m, Y=5578.6m, Z=3344.1m
4D 寻路成功！耗时步数: 57, 路线总期望代价: 415590.39 J, 预计抵达时间: 388.1 s
🚀 4D 时空搜索启动 | 起飞时间: T=0.0s
   📍 起点: X=5326.8m, Y=3045.9m, Z=2393.7m
   🎯 终点: X=7727.0m, Y=5578.6m, Z=3344.1m
4D 寻路成功！耗时步数: 15928, 路线总期望代价: 3780.91 J, 预计抵达时间: 378.1 s
🚀 4D 时空搜索启动 | 起飞时间: T=0.0s
   📍 起点: X=5326.8m, Y=3045.9m, Z=2393.7m
   🎯 终点: X=7727.0m, Y=5578.6m, Z=3344.1m
4D 寻路成功！耗时步数: 57, 路线总期望代价: 417500.06 J, 预计抵达时间: 388.1 s
🚀 4D 时空搜索启动 | 起飞时间: T=0.0s
   📍 起点: X=5326.8m, Y=3045.9m, Z=2393.7m
   🎯 终点: X=7727.0m, Y=5578.6m, Z=3344.1m
4D 寻路成功！耗时步数: 57, 路线总期望代价: 417500.06 J, 预计抵达时间: 388.1 s
🚀 4D 时空搜索启动 | 起飞时间: T=150.0s
   📍 起点: X=6791.6m, Y=4453.1m, Z=3097.1m
   🎯 终点: X=7727.0m, Y=5578.6m, Z=3344.1m
4D 寻路成功！耗时步数: 69, 路线总期望代价: 156005.55 J, 预计抵达时间: 310.9 s
🚀 4D 时空搜索启动 | 起飞时间: T=0.0s
   📍 起点: X=5326.8m, Y=3045.9m, Z=2393.7m
   🎯 终点: X=7727.0m, Y=5578.6m, Z=3344.1m
4D 寻路成功！耗时步数: 57, 路线总期望代价: 417500.06 J, 预计抵达时间: 388.1 s
🚀 4D 时空搜索启动 | 起飞时间: T=0.0s
   📍 起点: X=5326.8m, Y=3045.9m, Z=2393.7m
   🎯 终点: X=7727.0m, Y=5578.6m, Z=3344.1m
4D 寻路成功！耗时步数: 57, 路线总期望代价: 417500.06 J, 预计抵达时间: 388.1 s
🚀 4D 时空搜索启动 | 起飞时间: T=0.0s
   📍 起点: X=-52.0m, Y=-945.0m, Z=1882.6m
   🎯 终点: X=2572.7m, Y=2032.4m, Z=1387.3m
4D 寻路成功！耗时步数: 52, 路线总期望代价: 344373.95 J, 预计抵达时间: 415.7 s
🚀 4D 时空搜索启动 | 起飞时间: T=0.0s
   📍 起点: X=-52.0m, Y=-945.0m, Z=1882.6m
   🎯 终点: X=2572.7m, Y=2032.4m, Z=1387.3m
4D 寻路成功！耗时步数: 80996, 路线总期望代价: 4152.45 J, 预计抵达时间: 415.2 s
🚀 4D 时空搜索启动 | 起飞时间: T=0.0s
   📍 起点: X=-52.0m, Y=-945.0m, Z=1882.6m
   🎯 终点: X=2572.7m, Y=2032.4m, Z=1387.3m
4D 寻路成功！耗时步数: 52, 路线总期望代价: 344266.02 J, 预计抵达时间: 415.7 s
🚀 4D 时空搜索启动 | 起飞时间: T=0.0s
   📍 起点: X=-52.0m, Y=-945.0m, Z=1882.6m
   🎯 终点: X=2572.7m, Y=2032.4m, Z=1387.3m
4D 寻路成功！耗时步数: 52, 路线总期望代价: 344266.02 J, 预计抵达时间: 415.7 s
🚀 4D 时空搜索启动 | 起飞时间: T=150.0s
   📍 起点: X=1491.2m, Y=598.1m, Z=1264.7m
   🎯 终点: X=2572.7m, Y=2032.4m, Z=1387.3m
4D 寻路成功！耗时步数: 25, 路线总期望代价: 165014.07 J, 预计抵达时间: 336.9 s
🚀 4D 时空搜索启动 | 起飞时间: T=0.0s
   📍 起点: X=-52.0m, Y=-945.0m, Z=1882.6m
   🎯 终点: X=2572.7m, Y=2032.4m, Z=1387.3m
4D 寻路成功！耗时步数: 52, 路线总期望代价: 344266.02 J, 预计抵达时间: 415.7 s
🚀 4D 时空搜索启动 | 起飞时间: T=0.0s
   📍 起点: X=-52.0m, Y=-945.0m, Z=1882.6m
   🎯 终点: X=2572.7m, Y=2032.4m, Z=1387.3m
4D 寻路成功！耗时步数: 52, 路线总期望代价: 344266.02 J, 预计抵达时间: 415.7 s
🚀 4D 时空搜索启动 | 起飞时间: T=0.0s
   📍 起点: X=4043.6m, Y=2434.1m, Z=1776.9m
   🎯 终点: X=4461.2m, Y=5832.5m, Z=2270.6m

[AI 4D预测] 预计在 T=103.4s 抵达高危空域！坐标:(4.6km, 2.8km, 海拔2077m)
微气象分析 : TKE = 27.39 m^2/s^2 (受地形/尾流/切变综合影响)
极值风险模型 : 坠机概率 P_crash = 1.16%
MDP 代价转化 : 正常能耗 4965 J, 附加致命惩罚 927 J

[AI 4D预测] 预计在 T=95.6s 抵达高危空域！坐标:(4.6km, 2.8km, 海拔2127m)
微气象分析 : TKE = 29.00 m^2/s^2 (受地形/尾流/切变综合影响)
极值风险模型 : 坠机概率 P_crash = 1.73%
MDP 代价转化 : 正常能耗 13199 J, 附加致命惩罚 1387 J

[AI 4D预测] 预计在 T=105.2s 抵达高危空域！坐标:(4.6km, 2.8km, 海拔2277m)
微气象分析 : TKE = 35.30 m^2/s^2 (受地形/尾流/切变综合影响)
极值风险模型 : 坠机概率 P_crash = 5.81%
MDP 代价转化 : 正常能耗 20351 J, 附加致命惩罚 4645 J

[AI 4D预测] 预计在 T=109.5s 抵达高危空域！坐标:(4.6km, 2.8km, 海拔2177m)
微气象分析 : TKE = 32.14 m^2/s^2 (受地形/尾流/切变综合影响)
极值风险模型 : 坠机概率 P_crash = 3.37%
MDP 代价转化 : 正常能耗 7241 J, 附加致命惩罚 2698 J

[AI 4D预测] 预计在 T=122.5s 抵达高危空域！坐标:(4.8km, 2.9km, 海拔2177m)
微气象分析 : TKE = 28.77 m^2/s^2 (受地形/尾流/切变综合影响)
极值风险模型 : 坠机概率 P_crash = 1.64%
MDP 代价转化 : 正常能耗 12558 J, 附加致命惩罚 1312 J

[AI 4D预测] 预计在 T=118.6s 抵达高危空域！坐标:(4.6km, 2.8km, 海拔2327m)
微气象分析 : TKE = 38.42 m^2/s^2 (受地形/尾流/切变综合影响)
极值风险模型 : 坠机概率 P_crash = 9.04%
MDP 代价转化 : 正常能耗 15041 J, 附加致命惩罚 7232 J

[AI 4D预测] 预计在 T=121.5s 抵达高危空域！坐标:(4.9km, 2.8km, 海拔2277m)
微气象分析 : TKE = 27.69 m^2/s^2 (受地形/尾流/切变综合影响)
极值风险模型 : 坠机概率 P_crash = 1.25%
MDP 代价转化 : 正常能耗 15921 J, 附加致命惩罚 1003 J
4D 寻路成功！耗时步数: 21494, 路线总期望代价: 483839.52 J, 预计抵达时间: 442.4 s
🚀 4D 时空搜索启动 | 起飞时间: T=0.0s
   📍 起点: X=4043.6m, Y=2434.1m, Z=1776.9m
   🎯 终点: X=4461.2m, Y=5832.5m, Z=2270.6m
❌ 4D 搜索失败：步数耗尽，未找到安全通行路径。
🚀 4D 时空搜索启动 | 起飞时间: T=0.0s
   📍 起点: X=4043.6m, Y=2434.1m, Z=1776.9m
   🎯 终点: X=4461.2m, Y=5832.5m, Z=2270.6m

[AI 4D预测] 预计在 T=95.7s 抵达高危空域！坐标:(4.6km, 2.8km, 海拔2077m)
微气象分析 : TKE = 26.85 m^2/s^2 (受地形/尾流/切变综合影响)
极值风险模型 : 坠机概率 P_crash = 1.00%
MDP 代价转化 : 正常能耗 12711 J, 附加致命惩罚 801 J

[AI 4D预测] 预计在 T=110.9s 抵达高危空域！坐标:(4.6km, 2.8km, 海拔2177m)
微气象分析 : TKE = 32.29 m^2/s^2 (受地形/尾流/切变综合影响)
极值风险模型 : 坠机概率 P_crash = 3.47%
MDP 代价转化 : 正常能耗 14536 J, 附加致命惩罚 2772 J

[AI 4D预测] 预计在 T=108.5s 抵达高危空域！坐标:(4.6km, 2.8km, 海拔2227m)
微气象分析 : TKE = 33.91 m^2/s^2 (受地形/尾流/切变综合影响)
极值风险模型 : 坠机概率 P_crash = 4.64%
MDP 代价转化 : 正常能耗 13538 J, 附加致命惩罚 3709 J

[AI 4D预测] 预计在 T=119.1s 抵达高危空域！坐标:(4.8km, 2.9km, 海拔2177m)
微气象分析 : TKE = 28.60 m^2/s^2 (受地形/尾流/切变综合影响)
极值风险模型 : 坠机概率 P_crash = 1.57%
MDP 代价转化 : 正常能耗 8608 J, 附加致命惩罚 1258 J

[AI 4D预测] 预计在 T=109.5s 抵达高危空域！坐标:(4.6km, 2.8km, 海拔2277m)
微气象分析 : TKE = 35.74 m^2/s^2 (受地形/尾流/切变综合影响)
极值风险模型 : 坠机概率 P_crash = 6.21%
MDP 代价转化 : 正常能耗 11822 J, 附加致命惩罚 4971 J

[AI 4D预测] 预计在 T=122.5s 抵达高危空域！坐标:(4.8km, 2.9km, 海拔2177m)
微气象分析 : TKE = 28.77 m^2/s^2 (受地形/尾流/切变综合影响)
极值风险模型 : 坠机概率 P_crash = 1.64%
MDP 代价转化 : 正常能耗 12558 J, 附加致命惩罚 1312 J

[AI 4D预测] 预计在 T=107.0s 抵达高危空域！坐标:(4.6km, 2.8km, 海拔2327m)
微气象分析 : TKE = 37.09 m^2/s^2 (受地形/尾流/切变综合影响)
极值风险模型 : 坠机概率 P_crash = 7.56%
MDP 代价转化 : 正常能耗 20677 J, 附加致命惩罚 6049 J

[AI 4D预测] 预计在 T=105.0s 抵达高危空域！坐标:(4.6km, 2.8km, 海拔2277m)
微气象分析 : TKE = 35.29 m^2/s^2 (受地形/尾流/切变综合影响)
极值风险模型 : 坠机概率 P_crash = 5.79%
MDP 代价转化 : 正常能耗 12642 J, 附加致命惩罚 4636 J
4D 寻路成功！耗时步数: 21904, 路线总期望代价: 485511.20 J, 预计抵达时间: 442.4 s
🚀 4D 时空搜索启动 | 起飞时间: T=0.0s
   📍 起点: X=4043.6m, Y=2434.1m, Z=1776.9m
   🎯 终点: X=4461.2m, Y=5832.5m, Z=2270.6m

[AI 4D预测] 预计在 T=101.4s 抵达高危空域！坐标:(4.6km, 2.8km, 海拔2127m)
微气象分析 : TKE = 29.43 m^2/s^2 (受地形/尾流/切变综合影响)
极值风险模型 : 坠机概率 P_crash = 1.92%
MDP 代价转化 : 正常能耗 14244 J, 附加致命惩罚 1533 J

[AI 4D预测] 预计在 T=96.1s 抵达高危空域！坐标:(4.6km, 2.8km, 海拔2127m)
微气象分析 : TKE = 29.04 m^2/s^2 (受地形/尾流/切变综合影响)
极值风险模型 : 坠机概率 P_crash = 1.75%
MDP 代价转化 : 正常能耗 11725 J, 附加致命惩罚 1398 J

[AI 4D预测] 预计在 T=94.3s 抵达高危空域！坐标:(4.6km, 2.8km, 海拔2277m)
微气象分析 : TKE = 29.43 m^2/s^2 (受地形/尾流/切变综合影响)
极值风险模型 : 坠机概率 P_crash = 1.92%
MDP 代价转化 : 正常能耗 18582 J, 附加致命惩罚 1532 J

[AI 4D预测] 预计在 T=105.2s 抵达高危空域！坐标:(4.6km, 2.8km, 海拔2177m)
微气象分析 : TKE = 31.75 m^2/s^2 (受地形/尾流/切变综合影响)
极值风险模型 : 坠机概率 P_crash = 3.13%
MDP 代价转化 : 正常能耗 15283 J, 附加致命惩罚 2500 J

[AI 4D预测] 预计在 T=117.1s 抵达高危空域！坐标:(4.8km, 2.9km, 海拔2177m)
微气象分析 : TKE = 28.49 m^2/s^2 (受地形/尾流/切变综合影响)
极值风险模型 : 坠机概率 P_crash = 1.53%
MDP 代价转化 : 正常能耗 10159 J, 附加致命惩罚 1228 J

[AI 4D预测] 预计在 T=99.3s 抵达高危空域！坐标:(4.6km, 2.8km, 海拔2227m)
微气象分析 : TKE = 33.06 m^2/s^2 (受地形/尾流/切变综合影响)
极值风险模型 : 坠机概率 P_crash = 4.00%
MDP 代价转化 : 正常能耗 13827 J, 附加致命惩罚 3198 J

[AI 4D预测] 预计在 T=103.4s 抵达高危空域！坐标:(4.6km, 2.8km, 海拔2277m)
微气象分析 : TKE = 27.33 m^2/s^2 (受地形/尾流/切变综合影响)
极值风险模型 : 坠机概率 P_crash = 1.14%
MDP 代价转化 : 正常能耗 8556 J, 附加致命惩罚 913 J

[AI 4D预测] 预计在 T=103.2s 抵达高危空域！坐标:(4.6km, 2.8km, 海拔2227m)
微气象分析 : TKE = 33.40 m^2/s^2 (受地形/尾流/切变综合影响)
极值风险模型 : 坠机概率 P_crash = 4.25%
MDP 代价转化 : 正常能耗 8811 J, 附加致命惩罚 3397 J

[AI 4D预测] 预计在 T=101.3s 抵达高危空域！坐标:(4.6km, 2.8km, 海拔2277m)
微气象分析 : TKE = 34.92 m^2/s^2 (受地形/尾流/切变综合影响)
极值风险模型 : 坠机概率 P_crash = 5.47%
MDP 代价转化 : 正常能耗 6577 J, 附加致命惩罚 4379 J

[AI 4D预测] 预计在 T=117.1s 抵达高危空域！坐标:(4.8km, 2.9km, 海拔2277m)
微气象分析 : TKE = 32.70 m^2/s^2 (受地形/尾流/切变综合影响)
极值风险模型 : 坠机概率 P_crash = 3.74%
MDP 代价转化 : 正常能耗 16537 J, 附加致命惩罚 2993 J

[AI 4D预测] 预计在 T=95.7s 抵达高危空域！坐标:(4.6km, 2.8km, 海拔2327m)
微气象分析 : TKE = 31.09 m^2/s^2 (受地形/尾流/切变综合影响)
极值风险模型 : 坠机概率 P_crash = 2.74%
MDP 代价转化 : 正常能耗 12576 J, 附加致命惩罚 2191 J
4D 寻路成功！耗时步数: 21904, 路线总期望代价: 485511.20 J, 预计抵达时间: 442.4 s
🚀 4D 时空搜索启动 | 起飞时间: T=150.0s
   📍 起点: X=4331.6m, Y=3969.5m, Z=3026.1m
   🎯 终点: X=4461.2m, Y=5832.5m, Z=2270.6m
4D 寻路成功！耗时步数: 33, 路线总期望代价: 181972.00 J, 预计抵达时间: 366.6 s
🚀 4D 时空搜索启动 | 起飞时间: T=0.0s
   📍 起点: X=4043.6m, Y=2434.1m, Z=1776.9m
   🎯 终点: X=4461.2m, Y=5832.5m, Z=2270.6m

[AI 4D预测] 预计在 T=99.5s 抵达高危空域！坐标:(4.6km, 2.8km, 海拔2077m)
微气象分析 : TKE = 27.11 m^2/s^2 (受地形/尾流/切变综合影响)
极值风险模型 : 坠机概率 P_crash = 1.08%
MDP 代价转化 : 正常能耗 12817 J, 附加致命惩罚 861 J

[AI 4D预测] 预计在 T=109.5s 抵达高危空域！坐标:(4.6km, 2.8km, 海拔2127m)
微气象分析 : TKE = 30.12 m^2/s^2 (受地形/尾流/切变综合影响)
极值风险模型 : 坠机概率 P_crash = 2.23%
MDP 代价转化 : 正常能耗 8267 J, 附加致命惩罚 1786 J

[AI 4D预测] 预计在 T=119.1s 抵达高危空域！坐标:(4.8km, 2.9km, 海拔2177m)
微气象分析 : TKE = 28.60 m^2/s^2 (受地形/尾流/切变综合影响)
[2026-04-06 16:32:32,013] [INFO] ✓ Episode completed: success=False, steps=3, reward=-15.01, teacher_path_len=64
[2026-04-06 16:33:01,708] [INFO] ✓ Episode completed: success=False, steps=2, reward=-14.93, teacher_path_len=64
[2026-04-06 16:33:25,908] [INFO] ✓ Episode completed: success=True, steps=215, reward=66.23, teacher_path_len=72
[2026-04-06 16:33:28,671] [INFO] ✓ Episode completed: success=True, steps=109, reward=70.56, teacher_path_len=72
[2026-04-06 16:33:51,577] [INFO] ✓ Episode completed: success=True, steps=247, reward=74.26, teacher_path_len=78
[2026-04-06 16:33:53,718] [INFO] ✓ Episode completed: success=True, steps=125, reward=77.95, teacher_path_len=78
[2026-04-06 16:34:16,289] [INFO] ✓ Episode completed: success=True, steps=173, reward=59.22, teacher_path_len=57
极值风险模型 : 坠机概率 P_crash = 1.57%
MDP 代价转化 : 正常能耗 8608 J, 附加致命惩罚 1258 J

[AI 4D预测] 预计在 T=99.3s 抵达高危空域！坐标:(4.6km, 2.8km, 海拔2227m)
微气象分析 : TKE = 33.06 m^2/s^2 (受地形/尾流/切变综合影响)
极值风险模型 : 坠机概率 P_crash = 4.00%
MDP 代价转化 : 正常能耗 13827 J, 附加致命惩罚 3198 J

[AI 4D预测] 预计在 T=107.0s 抵达高危空域！坐标:(4.6km, 2.8km, 海拔2227m)
微气象分析 : TKE = 33.77 m^2/s^2 (受地形/尾流/切变综合影响)
极值风险模型 : 坠机概率 P_crash = 4.52%
MDP 代价转化 : 正常能耗 15657 J, 附加致命惩罚 3619 J

[AI 4D预测] 预计在 T=110.9s 抵达高危空域！坐标:(4.6km, 2.8km, 海拔2227m)
微气象分析 : TKE = 34.15 m^2/s^2 (受地形/尾流/切变综合影响)
极值风险模型 : 坠机概率 P_crash = 4.83%
MDP 代价转化 : 正常能耗 10334 J, 附加致命惩罚 3862 J
4D 寻路成功！耗时步数: 21904, 路线总期望代价: 485511.20 J, 预计抵达时间: 442.4 s
🚀 4D 时空搜索启动 | 起飞时间: T=0.0s
   📍 起点: X=4043.6m, Y=2434.1m, Z=1776.9m
   🎯 终点: X=4461.2m, Y=5832.5m, Z=2270.6m

[AI 4D预测] 预计在 T=108.5s 抵达高危空域！坐标:(4.6km, 2.8km, 海拔2227m)
微气象分析 : TKE = 33.91 m^2/s^2 (受地形/尾流/切变综合影响)
极值风险模型 : 坠机概率 P_crash = 4.64%
MDP 代价转化 : 正常能耗 13538 J, 附加致命惩罚 3709 J

[AI 4D预测] 预计在 T=109.9s 抵达高危空域！坐标:(4.6km, 2.8km, 海拔2277m)
微气象分析 : TKE = 35.79 m^2/s^2 (受地形/尾流/切变综合影响)
极值风险模型 : 坠机概率 P_crash = 6.26%
MDP 代价转化 : 正常能耗 13645 J, 附加致命惩罚 5007 J

[AI 4D预测] 预计在 T=111.9s 抵达高危空域！坐标:(4.8km, 2.9km, 海拔2227m)
微气象分析 : TKE = 30.39 m^2/s^2 (受地形/尾流/切变综合影响)
极值风险模型 : 坠机概率 P_crash = 2.37%
MDP 代价转化 : 正常能耗 19802 J, 附加致命惩罚 1893 J

[AI 4D预测] 预计在 T=118.6s 抵达高危空域！坐标:(4.8km, 2.9km, 海拔2177m)
微气象分析 : TKE = 28.57 m^2/s^2 (受地形/尾流/切变综合影响)
极值风险模型 : 坠机概率 P_crash = 1.56%
MDP 代价转化 : 正常能耗 5076 J, 附加致命惩罚 1251 J

[AI 4D预测] 预计在 T=101.4s 抵达高危空域！坐标:(4.5km, 2.8km, 海拔2377m)
微气象分析 : TKE = 28.15 m^2/s^2 (受地形/尾流/切变综合影响)
极值风险模型 : 坠机概率 P_crash = 1.41%
MDP 代价转化 : 正常能耗 7347 J, 附加致命惩罚 1128 J
4D 寻路成功！耗时步数: 21904, 路线总期望代价: 485511.20 J, 预计抵达时间: 442.4 s
🚀 4D 时空搜索启动 | 起飞时间: T=0.0s
   📍 起点: X=-5924.6m, Y=-5980.2m, Z=1352.4m
   🎯 终点: X=-1800.4m, Y=-4856.7m, Z=2059.0m
4D 寻路成功！耗时步数: 180, 路线总期望代价: 497732.40 J, 预计抵达时间: 490.9 s
🚀 4D 时空搜索启动 | 起飞时间: T=0.0s
   📍 起点: X=-5924.6m, Y=-5980.2m, Z=1352.4m
   🎯 终点: X=-1800.4m, Y=-4856.7m, Z=2059.0m
❌ 4D 搜索失败：步数耗尽，未找到安全通行路径。
🚀 4D 时空搜索启动 | 起飞时间: T=0.0s
   📍 起点: X=-5924.6m, Y=-5980.2m, Z=1352.4m
   🎯 终点: X=-1800.4m, Y=-4856.7m, Z=2059.0m
4D 寻路成功！耗时步数: 180, 路线总期望代价: 498732.29 J, 预计抵达时间: 490.9 s
🚀 4D 时空搜索启动 | 起飞时间: T=0.0s
   📍 起点: X=-5924.6m, Y=-5980.2m, Z=1352.4m
   🎯 终点: X=-1800.4m, Y=-4856.7m, Z=2059.0m
4D 寻路成功！耗时步数: 180, 路线总期望代价: 498732.29 J, 预计抵达时间: 490.9 s
🚀 4D 时空搜索启动 | 起飞时间: T=150.0s
   📍 起点: X=-4099.4m, Y=-5422.1m, Z=1845.9m
   🎯 终点: X=-1800.4m, Y=-4856.7m, Z=2059.0m
4D 寻路成功！耗时步数: 146, 路线总期望代价: 256651.55 J, 预计抵达时间: 414.0 s
🚀 4D 时空搜索启动 | 起飞时间: T=300.0s
   📍 起点: X=-2179.8m, Y=-4942.5m, Z=1901.1m
   🎯 终点: X=-1800.4m, Y=-4856.7m, Z=2059.0m
4D 寻路成功！耗时步数: 7, 路线总期望代价: 49246.96 J, 预计抵达时间: 342.1 s
🚀 4D 时空搜索启动 | 起飞时间: T=0.0s
   📍 起点: X=-5924.6m, Y=-5980.2m, Z=1352.4m
   🎯 终点: X=-1800.4m, Y=-4856.7m, Z=2059.0m
4D 寻路成功！耗时步数: 180, 路线总期望代价: 498732.29 J, 预计抵达时间: 490.9 s
🚀 4D 时空搜索启动 | 起飞时间: T=0.0s
   📍 起点: X=-5924.6m, Y=-5980.2m, Z=1352.4m
   🎯 终点: X=-1800.4m, Y=-4856.7m, Z=2059.0m
4D 寻路成功！耗时步数: 180, 路线总期望代价: 498732.29 J, 预计抵达时间: 490.9 s
🚀 4D 时空搜索启动 | 起飞时间: T=0.0s
   📍 起点: X=-1080.5m, Y=1439.1m, Z=1023.7m
   🎯 终点: X=3371.0m, Y=-728.9m, Z=1527.1m
4D 寻路成功！耗时步数: 78, 路线总期望代价: 523244.21 J, 预计抵达时间: 548.3 s
🚀 4D 时空搜索启动 | 起飞时间: T=0.0s
   📍 起点: X=-1080.5m, Y=1439.1m, Z=1023.7m
   🎯 终点: X=3371.0m, Y=-728.9m, Z=1527.1m
❌ 4D 搜索失败：步数耗尽，未找到安全通行路径。
🚀 4D 时空搜索启动 | 起飞时间: T=0.0s
   📍 起点: X=-1080.5m, Y=1439.1m, Z=1023.7m
   🎯 终点: X=3371.0m, Y=-728.9m, Z=1527.1m
4D 寻路成功！耗时步数: 78, 路线总期望代价: 522150.73 J, 预计抵达时间: 548.3 s
🚀 4D 时空搜索启动 | 起飞时间: T=0.0s
   📍 起点: X=-1080.5m, Y=1439.1m, Z=1023.7m
   🎯 终点: X=3371.0m, Y=-728.9m, Z=1527.1m
4D 寻路成功！耗时步数: 78, 路线总期望代价: 522150.73 J, 预计抵达时间: 548.3 s
🚀 4D 时空搜索启动 | 起飞时间: T=150.0s
   📍 起点: X=686.8m, Y=478.2m, Z=1353.9m
   🎯 终点: X=3371.0m, Y=-728.9m, Z=1527.1m
4D 寻路成功！耗时步数: 47, 路线总期望代价: 292087.72 J, 预计抵达时间: 474.1 s
🚀 4D 时空搜索启动 | 起飞时间: T=300.0s
   📍 起点: X=2449.8m, Y=-501.0m, Z=1487.4m
   🎯 终点: X=3371.0m, Y=-728.9m, Z=1527.1m
4D 寻路成功！耗时步数: 18, 路线总期望代价: 93307.00 J, 预计抵达时间: 403.1 s
🚀 4D 时空搜索启动 | 起飞时间: T=0.0s
   📍 起点: X=-1080.5m, Y=1439.1m, Z=1023.7m
   🎯 终点: X=3371.0m, Y=-728.9m, Z=1527.1m
4D 寻路成功！耗时步数: 78, 路线总期望代价: 522150.73 J, 预计抵达时间: 548.3 s
🚀 4D 时空搜索启动 | 起飞时间: T=0.0s
   📍 起点: X=-1080.5m, Y=1439.1m, Z=1023.7m
   🎯 终点: X=3371.0m, Y=-728.9m, Z=1527.1m
4D 寻路成功！耗时步数: 78, 路线总期望代价: 522150.73 J, 预计抵达时间: 548.3 s
🚀 4D 时空搜索启动 | 起飞时间: T=0.0s
   📍 起点: X=4931.8m, Y=-864.6m, Z=1805.3m
   🎯 终点: X=1678.5m, Y=-2026.3m, Z=2121.0m
4D 寻路成功！耗时步数: 57, 路线总期望代价: 345029.62 J, 预计抵达时间: 379.7 s
🚀 4D 时空搜索启动 | 起飞时间: T=0.0s
   📍 起点: X=4931.8m, Y=-864.6m, Z=1805.3m
   🎯 终点: X=1678.5m, Y=-2026.3m, Z=2121.0m
❌ 4D 搜索失败：步数耗尽，未找到安全通行路径。
🚀 4D 时空搜索启动 | 起飞时间: T=0.0s
   📍 起点: X=4931.8m, Y=-864.6m, Z=1805.3m
   🎯 终点: X=1678.5m, Y=-2026.3m, Z=2121.0m
4D 寻路成功！耗时步数: 57, 路线总期望代价: 346565.04 J, 预计抵达时间: 379.7 s
🚀 4D 时空搜索启动 | 起飞时间: T=0.0s
   📍 起点: X=4931.8m, Y=-864.6m, Z=1805.3m
   🎯 终点: X=1678.5m, Y=-2026.3m, Z=2121.0m
4D 寻路成功！耗时步数: 57, 路线总期望代价: 346565.04 J, 预计抵达时间: 379.7 s
🚀 4D 时空搜索启动 | 起飞时间: T=150.0s
   📍 起点: X=3015.8m, Y=-1671.0m, Z=1742.1m
   🎯 终点: X=1678.5m, Y=-2026.3m, Z=2121.0m
4D 寻路成功！耗时步数: 24, 路线总期望代价: 163649.43 J, 预计抵达时间: 308.0 s
🚀 4D 时空搜索启动 | 起飞时间: T=0.0s
   📍 起点: X=4931.8m, Y=-864.6m, Z=1805.3m
   🎯 终点: X=1678.5m, Y=-2026.3m, Z=2121.0m
4D 寻路成功！耗时步数: 57, 路线总期望代价: 346565.04 J, 预计抵达时间: 379.7 s
[2026-04-06 16:34:18,120] [INFO] ✓ Episode completed: success=True, steps=87, reward=61.46, teacher_path_len=57
[2026-04-06 16:34:30,373] [INFO] ✓ Episode completed: success=True, steps=113, reward=47.05, teacher_path_len=38
[2026-04-06 16:34:31,510] [INFO] ✓ Episode completed: success=True, steps=57, reward=50.10, teacher_path_len=38
[2026-04-06 16:34:43,722] [INFO] ✓ Episode completed: success=True, steps=160, reward=58.63, teacher_path_len=47
[2026-04-06 16:34:45,168] [INFO] ✓ Episode completed: success=True, steps=81, reward=61.92, teacher_path_len=47
[2026-04-06 16:36:46,579] [INFO] ✓ Episode completed: success=True, steps=182, reward=59.57, teacher_path_len=61
[2026-04-06 16:36:48,360] [INFO] ✓ Episode completed: success=True, steps=92, reward=66.67, teacher_path_len=61
[2026-04-06 16:37:14,920] [INFO] ✓ Episode completed: success=True, steps=232, reward=72.27, teacher_path_len=73
[2026-04-06 16:37:17,479] [INFO] ✓ Episode completed: success=True, steps=117, reward=75.80, teacher_path_len=73
🚀 4D 时空搜索启动 | 起飞时间: T=0.0s
   📍 起点: X=4931.8m, Y=-864.6m, Z=1805.3m
   🎯 终点: X=1678.5m, Y=-2026.3m, Z=2121.0m
4D 寻路成功！耗时步数: 57, 路线总期望代价: 346565.04 J, 预计抵达时间: 379.7 s
🚀 4D 时空搜索启动 | 起飞时间: T=0.0s
   📍 起点: X=6957.2m, Y=5988.3m, Z=3636.6m
   🎯 终点: X=6322.8m, Y=8140.0m, Z=2999.0m
4D 寻路成功！耗时步数: 38, 路线总期望代价: 214273.65 J, 预计抵达时间: 260.5 s
🚀 4D 时空搜索启动 | 起飞时间: T=0.0s
   📍 起点: X=6957.2m, Y=5988.3m, Z=3636.6m
   🎯 终点: X=6322.8m, Y=8140.0m, Z=2999.0m
4D 寻路成功！耗时步数: 59144, 路线总期望代价: 2567.65 J, 预计抵达时间: 256.8 s
🚀 4D 时空搜索启动 | 起飞时间: T=0.0s
   📍 起点: X=6957.2m, Y=5988.3m, Z=3636.6m
   🎯 终点: X=6322.8m, Y=8140.0m, Z=2999.0m
4D 寻路成功！耗时步数: 38, 路线总期望代价: 213895.19 J, 预计抵达时间: 260.5 s
🚀 4D 时空搜索启动 | 起飞时间: T=0.0s
   📍 起点: X=6957.2m, Y=5988.3m, Z=3636.6m
   🎯 终点: X=6322.8m, Y=8140.0m, Z=2999.0m
4D 寻路成功！耗时步数: 38, 路线总期望代价: 213895.19 J, 预计抵达时间: 260.5 s
🚀 4D 时空搜索启动 | 起飞时间: T=150.0s
   📍 起点: X=6323.6m, Y=7795.3m, Z=3053.5m
   🎯 终点: X=6322.8m, Y=8140.0m, Z=2999.0m
4D 寻路成功！耗时步数: 6, 路线总期望代价: 25739.25 J, 预计抵达时间: 180.7 s
🚀 4D 时空搜索启动 | 起飞时间: T=0.0s
   📍 起点: X=6957.2m, Y=5988.3m, Z=3636.6m
   🎯 终点: X=6322.8m, Y=8140.0m, Z=2999.0m
4D 寻路成功！耗时步数: 38, 路线总期望代价: 213895.19 J, 预计抵达时间: 260.5 s
🚀 4D 时空搜索启动 | 起飞时间: T=0.0s
   📍 起点: X=6957.2m, Y=5988.3m, Z=3636.6m
   🎯 终点: X=6322.8m, Y=8140.0m, Z=2999.0m
4D 寻路成功！耗时步数: 38, 路线总期望代价: 213895.19 J, 预计抵达时间: 260.5 s
🚀 4D 时空搜索启动 | 起飞时间: T=0.0s
   📍 起点: X=-5159.8m, Y=5459.4m, Z=1928.6m
   🎯 终点: X=-6905.9m, Y=8140.0m, Z=1503.1m
4D 寻路成功！耗时步数: 47, 路线总期望代价: 295357.80 J, 预计抵达时间: 354.8 s
🚀 4D 时空搜索启动 | 起飞时间: T=0.0s
   📍 起点: X=-5159.8m, Y=5459.4m, Z=1928.6m
   🎯 终点: X=-6905.9m, Y=8140.0m, Z=1503.1m
4D 寻路成功！耗时步数: 49260, 路线总期望代价: 3534.82 J, 预计抵达时间: 353.5 s
🚀 4D 时空搜索启动 | 起飞时间: T=0.0s
   📍 起点: X=-5159.8m, Y=5459.4m, Z=1928.6m
   🎯 终点: X=-6905.9m, Y=8140.0m, Z=1503.1m
4D 寻路成功！耗时步数: 47, 路线总期望代价: 295118.92 J, 预计抵达时间: 354.8 s
🚀 4D 时空搜索启动 | 起飞时间: T=0.0s
   📍 起点: X=-5159.8m, Y=5459.4m, Z=1928.6m
   🎯 终点: X=-6905.9m, Y=8140.0m, Z=1503.1m
4D 寻路成功！耗时步数: 47, 路线总期望代价: 295118.92 J, 预计抵达时间: 354.8 s
🚀 4D 时空搜索启动 | 起飞时间: T=150.0s
   📍 起点: X=-6466.5m, Y=7111.7m, Z=1929.7m
   🎯 终点: X=-6905.9m, Y=8140.0m, Z=1503.1m
4D 寻路成功！耗时步数: 18, 路线总期望代价: 104436.54 J, 预计抵达时间: 279.7 s
🚀 4D 时空搜索启动 | 起飞时间: T=0.0s
   📍 起点: X=-5159.8m, Y=5459.4m, Z=1928.6m
   🎯 终点: X=-6905.9m, Y=8140.0m, Z=1503.1m
4D 寻路成功！耗时步数: 47, 路线总期望代价: 295118.92 J, 预计抵达时间: 354.8 s
🚀 4D 时空搜索启动 | 起飞时间: T=0.0s
   📍 起点: X=-5159.8m, Y=5459.4m, Z=1928.6m
   🎯 终点: X=-6905.9m, Y=8140.0m, Z=1503.1m
4D 寻路成功！耗时步数: 47, 路线总期望代价: 295118.92 J, 预计抵达时间: 354.8 s
🚀 4D 时空搜索启动 | 起飞时间: T=0.0s
   📍 起点: X=1947.7m, Y=5196.5m, Z=1485.4m
   🎯 终点: X=-2426.9m, Y=4389.9m, Z=1605.7m
❌ 4D 搜索失败：步数耗尽，未找到安全通行路径。
🚀 4D 时空搜索启动 | 起飞时间: T=0.0s
   📍 起点: X=7090.9m, Y=-477.4m, Z=2891.4m
   🎯 终点: X=8140.0m, Y=-3939.3m, Z=1497.5m
4D 寻路成功！耗时步数: 61, 路线总期望代价: 376601.13 J, 预计抵达时间: 441.5 s
🚀 4D 时空搜索启动 | 起飞时间: T=0.0s
   📍 起点: X=7090.9m, Y=-477.4m, Z=2891.4m
   🎯 终点: X=8140.0m, Y=-3939.3m, Z=1497.5m
❌ 4D 搜索失败：步数耗尽，未找到安全通行路径。
🚀 4D 时空搜索启动 | 起飞时间: T=0.0s
   📍 起点: X=7090.9m, Y=-477.4m, Z=2891.4m
   🎯 终点: X=8140.0m, Y=-3939.3m, Z=1497.5m
4D 寻路成功！耗时步数: 61, 路线总期望代价: 377241.49 J, 预计抵达时间: 441.5 s
🚀 4D 时空搜索启动 | 起飞时间: T=0.0s
   📍 起点: X=7090.9m, Y=-477.4m, Z=2891.4m
   🎯 终点: X=8140.0m, Y=-3939.3m, Z=1497.5m
4D 寻路成功！耗时步数: 61, 路线总期望代价: 377241.49 J, 预计抵达时间: 441.5 s
🚀 4D 时空搜索启动 | 起飞时间: T=150.0s
   📍 起点: X=7551.7m, Y=-2223.2m, Z=1980.2m
   🎯 终点: X=8140.0m, Y=-3939.3m, Z=1497.5m
4D 寻路成功！耗时步数: 30, 路线总期望代价: 181070.95 J, 预计抵达时间: 361.1 s
🚀 4D 时空搜索启动 | 起飞时间: T=0.0s
   📍 起点: X=7090.9m, Y=-477.4m, Z=2891.4m
   🎯 终点: X=8140.0m, Y=-3939.3m, Z=1497.5m
4D 寻路成功！耗时步数: 61, 路线总期望代价: 377241.49 J, 预计抵达时间: 441.5 s
🚀 4D 时空搜索启动 | 起飞时间: T=0.0s
   📍 起点: X=7090.9m, Y=-477.4m, Z=2891.4m
   🎯 终点: X=8140.0m, Y=-3939.3m, Z=1497.5m
4D 寻路成功！耗时步数: 61, 路线总期望代价: 377241.49 J, 预计抵达时间: 441.5 s
🚀 4D 时空搜索启动 | 起飞时间: T=0.0s
   📍 起点: X=-6797.0m, Y=3519.9m, Z=2194.6m
   🎯 终点: X=-2641.9m, Y=5363.7m, Z=1900.7m
4D 寻路成功！耗时步数: 73, 路线总期望代价: 415096.37 J, 预计抵达时间: 499.5 s
🚀 4D 时空搜索启动 | 起飞时间: T=0.0s
   📍 起点: X=-6797.0m, Y=3519.9m, Z=2194.6m
   🎯 终点: X=-2641.9m, Y=5363.7m, Z=1900.7m
❌ 4D 搜索失败：步数耗尽，未找到安全通行路径。
🚀 4D 时空搜索启动 | 起飞时间: T=0.0s
   📍 起点: X=-6797.0m, Y=3519.9m, Z=2194.6m
   🎯 终点: X=-2641.9m, Y=5363.7m, Z=1900.7m
4D 寻路成功！耗时步数: 73, 路线总期望代价: 414936.23 J, 预计抵达时间: 500.0 s
🚀 4D 时空搜索启动 | 起飞时间: T=0.0s
   📍 起点: X=-6797.0m, Y=3519.9m, Z=2194.6m
   🎯 终点: X=-2641.9m, Y=5363.7m, Z=1900.7m
4D 寻路成功！耗时步数: 73, 路线总期望代价: 414936.23 J, 预计抵达时间: 500.0 s
🚀 4D 时空搜索启动 | 起飞时间: T=150.0s
   📍 起点: X=-5104.8m, Y=4866.5m, Z=2050.7m
   🎯 终点: X=-2641.9m, Y=5363.7m, Z=1900.7m
4D 寻路成功！耗时步数: 43, 路线总期望代价: 222030.07 J, 预计抵达时间: 415.7 s
🚀 4D 时空搜索启动 | 起飞时间: T=300.0s
   📍 起点: X=-3133.3m, Y=5269.7m, Z=1799.0m
   🎯 终点: X=-2641.9m, Y=5363.7m, Z=1900.7m
4D 寻路成功！耗时步数: 9, 路线总期望代价: 47319.96 J, 预计抵达时间: 350.3 s
🚀 4D 时空搜索启动 | 起飞时间: T=0.0s
   📍 起点: X=-6797.0m, Y=3519.9m, Z=2194.6m
   🎯 终点: X=-2641.9m, Y=5363.7m, Z=1900.7m
4D 寻路成功！耗时步数: 73, 路线总期望代价: 414936.23 J, 预计抵达时间: 500.0 s
🚀 4D 时空搜索启动 | 起飞时间: T=0.0s
   📍 起点: X=-6797.0m, Y=3519.9m, Z=2194.6m
   🎯 终点: X=-2641.9m, Y=5363.7m, Z=1900.7m
4D 寻路成功！耗时步数: 73, 路线总期望代价: 414936.23 J, 预计抵达时间: 500.0 s
🚀 4D 时空搜索启动 | 起飞时间: T=0.0s
   📍 起点: X=3827.1m, Y=4476.7m, Z=2705.0m
   🎯 终点: X=5616.5m, Y=779.3m, Z=2792.5m
❌ 4D 搜索失败：步数耗尽，未找到安全通行路径。
🚀 4D 时空搜索启动 | 起飞时间: T=0.0s
   📍 起点: X=1694.1m, Y=-1013.2m, Z=1660.3m
   🎯 终点: X=891.5m, Y=-4543.8m, Z=2160.3m
4D 寻路成功！耗时步数: 120, 路线总期望代价: 461881.18 J, 预计抵达时间: 447.9 s
🚀 4D 时空搜索启动 | 起飞时间: T=0.0s
   📍 起点: X=1694.1m, Y=-1013.2m, Z=1660.3m
   🎯 终点: X=891.5m, Y=-4543.8m, Z=2160.3m
[2026-04-06 16:39:35,653] [INFO] ✓ Episode completed: success=True, steps=185, reward=59.30, teacher_path_len=62
[2026-04-06 16:39:37,789] [INFO] ✓ Episode completed: success=True, steps=93, reward=62.31, teacher_path_len=62
[2026-04-06 16:43:17,046] [INFO] ✓ Episode completed: success=True, steps=219, reward=64.74, teacher_path_len=74
[2026-04-06 16:44:09,163] [INFO] ✓ Episode completed: success=False, steps=1, reward=-15.20, teacher_path_len=74
[2026-04-06 16:44:21,204] [INFO] ✓ Episode completed: success=True, steps=103, reward=43.76, teacher_path_len=36
[2026-04-06 16:44:22,332] [INFO] ✓ Episode completed: success=False, steps=40, reward=3.05, teacher_path_len=36
❌ 4D 搜索失败：步数耗尽，未找到安全通行路径。
🚀 4D 时空搜索启动 | 起飞时间: T=0.0s
   📍 起点: X=1694.1m, Y=-1013.2m, Z=1660.3m
   🎯 终点: X=891.5m, Y=-4543.8m, Z=2160.3m
4D 寻路成功！耗时步数: 120, 路线总期望代价: 462793.59 J, 预计抵达时间: 447.9 s
🚀 4D 时空搜索启动 | 起飞时间: T=0.0s
   📍 起点: X=1694.1m, Y=-1013.2m, Z=1660.3m
   🎯 终点: X=891.5m, Y=-4543.8m, Z=2160.3m
4D 寻路成功！耗时步数: 120, 路线总期望代价: 462793.59 J, 预计抵达时间: 447.9 s
🚀 4D 时空搜索启动 | 起飞时间: T=150.0s
   📍 起点: X=945.3m, Y=-2737.9m, Z=2187.8m
   🎯 终点: X=891.5m, Y=-4543.8m, Z=2160.3m
4D 寻路成功！耗时步数: 57, 路线总期望代价: 213472.50 J, 预计抵达时间: 367.7 s
🚀 4D 时空搜索启动 | 起飞时间: T=0.0s
   📍 起点: X=1694.1m, Y=-1013.2m, Z=1660.3m
   🎯 终点: X=891.5m, Y=-4543.8m, Z=2160.3m
4D 寻路成功！耗时步数: 120, 路线总期望代价: 462793.59 J, 预计抵达时间: 447.9 s
🚀 4D 时空搜索启动 | 起飞时间: T=0.0s
   📍 起点: X=1694.1m, Y=-1013.2m, Z=1660.3m
   🎯 终点: X=891.5m, Y=-4543.8m, Z=2160.3m
4D 寻路成功！耗时步数: 120, 路线总期望代价: 462793.59 J, 预计抵达时间: 447.9 s
🚀 4D 时空搜索启动 | 起飞时间: T=0.0s
   📍 起点: X=427.4m, Y=4151.9m, Z=1908.4m
   🎯 终点: X=3129.6m, Y=6250.0m, Z=1904.6m
4D 寻路成功！耗时步数: 47165, 路线总期望代价: 504120.93 J, 预计抵达时间: 521.9 s
🚀 4D 时空搜索启动 | 起飞时间: T=0.0s
   📍 起点: X=427.4m, Y=4151.9m, Z=1908.4m
   🎯 终点: X=3129.6m, Y=6250.0m, Z=1904.6m
❌ 4D 搜索失败：步数耗尽，未找到安全通行路径。
🚀 4D 时空搜索启动 | 起飞时间: T=0.0s
   📍 起点: X=427.4m, Y=4151.9m, Z=1908.4m
   🎯 终点: X=3129.6m, Y=6250.0m, Z=1904.6m
4D 寻路成功！耗时步数: 47128, 路线总期望代价: 505555.03 J, 预计抵达时间: 521.5 s
🚀 4D 时空搜索启动 | 起飞时间: T=0.0s
   📍 起点: X=427.4m, Y=4151.9m, Z=1908.4m
   🎯 终点: X=3129.6m, Y=6250.0m, Z=1904.6m
4D 寻路成功！耗时步数: 47128, 路线总期望代价: 505555.03 J, 预计抵达时间: 521.5 s
🚀 4D 时空搜索启动 | 起飞时间: T=150.0s
   📍 起点: X=692.9m, Y=5857.3m, Z=2451.3m
   🎯 终点: X=3129.6m, Y=6250.0m, Z=1904.6m
4D 寻路成功！耗时步数: 43, 路线总期望代价: 248344.48 J, 预计抵达时间: 444.2 s
🚀 4D 时空搜索启动 | 起飞时间: T=300.0s
   📍 起点: X=2534.8m, Y=6433.3m, Z=1822.4m
   🎯 终点: X=3129.6m, Y=6250.0m, Z=1904.6m
4D 寻路成功！耗时步数: 11, 路线总期望代价: 65353.28 J, 预计抵达时间: 366.6 s
🚀 4D 时空搜索启动 | 起飞时间: T=0.0s
   📍 起点: X=427.4m, Y=4151.9m, Z=1908.4m
   🎯 终点: X=3129.6m, Y=6250.0m, Z=1904.6m
4D 寻路成功！耗时步数: 47128, 路线总期望代价: 505555.03 J, 预计抵达时间: 521.5 s
🚀 4D 时空搜索启动 | 起飞时间: T=0.0s
   📍 起点: X=427.4m, Y=4151.9m, Z=1908.4m
   🎯 终点: X=3129.6m, Y=6250.0m, Z=1904.6m
4D 寻路成功！耗时步数: 47128, 路线总期望代价: 505555.03 J, 预计抵达时间: 521.5 s
🚀 4D 时空搜索启动 | 起飞时间: T=0.0s
   📍 起点: X=7575.1m, Y=141.9m, Z=3315.3m
   🎯 终点: X=8140.0m, Y=-1871.2m, Z=2876.6m
4D 寻路成功！耗时步数: 36, 路线总期望代价: 221980.27 J, 预计抵达时间: 239.1 s
🚀 4D 时空搜索启动 | 起飞时间: T=0.0s
   📍 起点: X=7575.1m, Y=141.9m, Z=3315.3m
   🎯 终点: X=8140.0m, Y=-1871.2m, Z=2876.6m
4D 寻路成功！耗时步数: 47850, 路线总期望代价: 2309.96 J, 预计抵达时间: 231.0 s
🚀 4D 时空搜索启动 | 起飞时间: T=0.0s
   📍 起点: X=7575.1m, Y=141.9m, Z=3315.3m
   🎯 终点: X=8140.0m, Y=-1871.2m, Z=2876.6m
4D 寻路成功！耗时步数: 36, 路线总期望代价: 222252.56 J, 预计抵达时间: 239.1 s
🚀 4D 时空搜索启动 | 起飞时间: T=0.0s
   📍 起点: X=7575.1m, Y=141.9m, Z=3315.3m
   🎯 终点: X=8140.0m, Y=-1871.2m, Z=2876.6m
4D 寻路成功！耗时步数: 36, 路线总期望代价: 222252.56 J, 预计抵达时间: 239.1 s
🚀 4D 时空搜索启动 | 起飞时间: T=150.0s
   📍 起点: X=8093.5m, Y=-1771.3m, Z=2941.6m
   🎯 终点: X=8140.0m, Y=-1871.2m, Z=2876.6m
4D 寻路成功！耗时步数: 3, 路线总期望代价: 15355.44 J, 预计抵达时间: 165.8 s
🚀 4D 时空搜索启动 | 起飞时间: T=0.0s
   📍 起点: X=7575.1m, Y=141.9m, Z=3315.3m
   🎯 终点: X=8140.0m, Y=-1871.2m, Z=2876.6m
4D 寻路成功！耗时步数: 36, 路线总期望代价: 222252.56 J, 预计抵达时间: 239.1 s
🚀 4D 时空搜索启动 | 起飞时间: T=0.0s
   📍 起点: X=7575.1m, Y=141.9m, Z=3315.3m
   🎯 终点: X=8140.0m, Y=-1871.2m, Z=2876.6m
4D 寻路成功！耗时步数: 36, 路线总期望代价: 222252.56 J, 预计抵达时间: 239.1 s
Ablation suite finished. Output: /root/autodl-tmp/project1/project1/results/ablation_parallel_20260406_161443/control/ablation_suite_20260406_161446
