🚀 4D 时空搜索启动 | 起飞时间: T=0.0s
   📍 起点: X=-6500.0m, Y=-5000.0m, Z=1752.9m
   🎯 终点: X=6200.0m, Y=5200.0m, Z=3667.7m
❌ 4D 搜索失败：步数耗尽，未找到安全通行路径。
🚀 4D 时空搜索启动 | 起飞时间: T=0.0s
   📍 起点: X=-6500.0m, Y=-5000.0m, Z=1752.9m
   🎯 终点: X=6200.0m, Y=5200.0m, Z=3667.7m

[AI 4D预测] 预计在 T=1296.9s 抵达高危空域！坐标:(1.7km, 4.1km, 海拔2603m)
微气象分析 : TKE = 36.07 m^2/s^2 (受地形/尾流/切变综合影响)
极值风险模型 : 坠机概率 P_crash = 6.53%
MDP 代价转化 : 正常能耗 17416 J, 附加致命惩罚 5220 J

[AI 4D预测] 预计在 T=1287.3s 抵达高危空域！坐标:(1.7km, 3.9km, 海拔2453m)
微气象分析 : TKE = 40.50 m^2/s^2 (受地形/尾流/切变综合影响)
极值风险模型 : 坠机概率 P_crash = 11.64%
MDP 代价转化 : 正常能耗 11282 J, 附加致命惩罚 9313 J

[AI 4D预测] 预计在 T=1297.4s 抵达高危空域！坐标:(1.7km, 4.2km, 海拔2453m)
微气象分析 : TKE = 28.14 m^2/s^2 (受地形/尾流/切变综合影响)
极值风险模型 : 坠机概率 P_crash = 1.40%
MDP 代价转化 : 正常能耗 11925 J, 附加致命惩罚 1123 J

[AI 4D预测] 预计在 T=1310.8s 抵达高危空域！坐标:(1.7km, 4.2km, 海拔2603m)
微气象分析 : TKE = 29.28 m^2/s^2 (受地形/尾流/切变综合影响)
极值风险模型 : 坠机概率 P_crash = 1.85%
MDP 代价转化 : 正常能耗 14064 J, 附加致命惩罚 1479 J

[AI 4D预测] 预计在 T=1299.8s 抵达高危空域！坐标:(1.8km, 4.2km, 海拔2553m)
微气象分析 : TKE = 34.47 m^2/s^2 (受地形/尾流/切变综合影响)
极值风险模型 : 坠机概率 P_crash = 5.09%
MDP 代价转化 : 正常能耗 18869 J, 附加致命惩罚 4070 J

[AI 4D预测] 预计在 T=1283.0s 抵达高危空域！坐标:(1.7km, 3.9km, 海拔2603m)
微气象分析 : TKE = 50.04 m^2/s^2 (受地形/尾流/切变综合影响)
极值风险模型 : 坠机概率 P_crash = 27.20%
MDP 代价转化 : 正常能耗 17050 J, 附加致命惩罚 21756 J

[AI 4D预测] 预计在 T=1280.6s 抵达高危空域！坐标:(1.7km, 3.9km, 海拔2603m)
微气象分析 : TKE = 42.59 m^2/s^2 (受地形/尾流/切变综合影响)
极值风险模型 : 坠机概率 P_crash = 14.59%
MDP 代价转化 : 正常能耗 11332 J, 附加致命惩罚 11675 J

[AI 4D预测] 预计在 T=1313.7s 抵达高危空域！坐标:(1.7km, 4.2km, 海拔2453m)
微气象分析 : TKE = 27.45 m^2/s^2 (受地形/尾流/切变综合影响)
极值风险模型 : 坠机概率 P_crash = 1.18%
MDP 代价转化 : 正常能耗 9553 J, 附加致命惩罚 942 J

[AI 4D预测] 预计在 T=1309.9s 抵达高危空域！坐标:(1.8km, 4.2km, 海拔2503m)
微气象分析 : TKE = 33.25 m^2/s^2 (受地形/尾流/切变综合影响)
极值风险模型 : 坠机概率 P_crash = 4.13%
MDP 代价转化 : 正常能耗 7822 J, 附加致命惩罚 3303 J

[AI 4D预测] 预计在 T=1312.3s 抵达高危空域！坐标:(1.9km, 4.3km, 海拔2503m)
微气象分析 : TKE = 27.61 m^2/s^2 (受地形/尾流/切变综合影响)
极值风险模型 : 坠机概率 P_crash = 1.23%
MDP 代价转化 : 正常能耗 11336 J, 附加致命惩罚 983 J

[AI 4D预测] 预计在 T=1303.2s 抵达高危空域！坐标:(1.7km, 4.1km, 海拔2453m)
微气象分析 : TKE = 33.83 m^2/s^2 (受地形/尾流/切变综合影响)
极值风险模型 : 坠机概率 P_crash = 4.57%
MDP 代价转化 : 正常能耗 7778 J, 附加致命惩罚 3655 J

[AI 4D预测] 预计在 T=1325.7s 抵达高危空域！坐标:(1.9km, 4.3km, 海拔2553m)
微气象分析 : TKE = 27.08 m^2/s^2 (受地形/尾流/切变综合影响)
极值风险模型 : 坠机概率 P_crash = 1.07%
MDP 代价转化 : 正常能耗 14219 J, 附加致命惩罚 854 J

[AI 4D预测] 预计在 T=1304.6s 抵达高危空域！坐标:(1.7km, 4.1km, 海拔2503m)
微气象分析 : TKE = 34.46 m^2/s^2 (受地形/尾流/切变综合影响)
极值风险模型 : 坠机概率 P_crash = 5.08%
MDP 代价转化 : 正常能耗 20153 J, 附加致命惩罚 4064 J

[AI 4D预测] 预计在 T=1310.8s 抵达高危空域！坐标:(1.8km, 4.2km, 海拔2403m)
微气象分析 : TKE = 28.32 m^2/s^2 (受地形/尾流/切变综合影响)
极值风险模型 : 坠机概率 P_crash = 1.47%
MDP 代价转化 : 正常能耗 11826 J, 附加致命惩罚 1177 J
4D 寻路成功！耗时步数: 431, 路线总期望代价: 1858976.30 J, 预计抵达时间: 1827.0 s
🚀 4D 时空搜索启动 | 起飞时间: T=0.0s
   📍 起点: X=-6500.0m, Y=-5000.0m, Z=1752.9m
   🎯 终点: X=6200.0m, Y=5200.0m, Z=3667.7m
❌ 4D 搜索失败：步数耗尽，未找到安全通行路径。
🚀 4D 时空搜索启动 | 起飞时间: T=0.0s
   📍 起点: X=-6500.0m, Y=-5000.0m, Z=1752.9m
   🎯 终点: X=6200.0m, Y=5200.0m, Z=3667.7m

[AI 4D预测] 预计在 T=0.0s 抵达高危空域！坐标:(1.7km, 4.0km, 海拔2503m)
微气象分析 : TKE = 34.75 m^2/s^2 (受地形/尾流/切变综合影响)
极值风险模型 : 坠机概率 P_crash = 5.32%
MDP 代价转化 : 正常能耗 14352 J, 附加致命惩罚 4258 J

[AI 4D预测] 预计在 T=0.0s 抵达高危空域！坐标:(1.8km, 4.1km, 海拔2553m)
微气象分析 : TKE = 27.76 m^2/s^2 (受地形/尾流/切变综合影响)
极值风险模型 : 坠机概率 P_crash = 1.28%
MDP 代价转化 : 正常能耗 16122 J, 附加致命惩罚 1021 J
4D 寻路成功！耗时步数: 301, 路线总期望代价: 1842488.76 J, 预计抵达时间: 1820.2 s
Ablation suite finished. Output: /root/autodl-tmp/project1/project1/results/ablation_parallel_20260406_161443/planner_time/ablation_suite_20260406_161446
